<?xml version="1.0" encoding="UTF-8"?>
<testsuite xmlns:xsi="http://www.w3.org/2001/XMLSchema-instance" xsi:noNamespaceSchemaLocation="https://maven.apache.org/surefire/maven-surefire-plugin/xsd/surefire-test-report-3.0.xsd" version="3.0" name="com.irojas.demojwt.DemoJwtApplicationTests" time="34.534" tests="1" errors="0" skipped="0" failures="0">
  <properties>
[...]
</properties>
  <testcase name="contextLoads" classname="com.irojas.demojwt.DemoJwtApplicationTests" time="2.076">
    <system-out><![CDATA[19:53:21.892 [main] INFO org.springframework.boot.devtools.restart.RestartApplicationListener -- Restart disabled due to context in which it is running

  .   ____          _            __ _ _
 /\\ / ___'_ __ _ _(_)_ __  __ _ \ \ \ \
( ( )\___ | '_ | '_| | '_ \/ _` | \ \ \ \
 \\/  ___)| |_)| | | | | || (_| |  ) ) ) )
  '  |____| .__|_| |_|_| |_\__, | / / / /
 =========|_|==============|___/=/_/_/_/
 :: Spring Boot ::               (v3.1.12)

2025-03-11T19:53:22.978-05:00  INFO 37052 --- [           main] c.i.demojwt.DemoJwtApplicationTests      : Starting DemoJwtApplicationTests using Java 17.0.12 with PID 37052 (started by USER in C:\Users\USER\Documents\spring-boot-jwt-authentication-1.0\spring-boot-jwt-authentication-1.0)
2025-03-11T19:53:22.980-05:00  INFO 37052 --- [           main] c.i.demojwt.DemoJwtApplicationTests      : No active profile set, falling back to 1 default profile: "default"
2025-03-11T19:53:23.189-05:00 DEBUG 37052 --- [           main] o.s.w.c.s.GenericWebApplicationContext   : Refreshing org.springframework.web.context.support.GenericWebApplicationContext@486be205
2025-03-11T19:53:26.562-05:00  INFO 37052 --- [           main] .s.d.r.c.RepositoryConfigurationDelegate : Bootstrapping Spring Data JPA repositories in DEFAULT mode.
2025-03-11T19:53:26.905-05:00  INFO 37052 --- [           main] .s.d.r.c.RepositoryConfigurationDelegate : Finished Spring Data repository scanning in 273 ms. Found 15 JPA repository interfaces.
2025-03-11T19:53:28.996-05:00  INFO 37052 --- [           main] o.hibernate.jpa.internal.util.LogHelper  : HHH000204: Processing PersistenceUnitInfo [name: default]
2025-03-11T19:53:29.679-05:00  INFO 37052 --- [           main] org.hibernate.Version                    : HHH000412: Hibernate ORM core version 6.2.25.Final
2025-03-11T19:53:29.684-05:00  INFO 37052 --- [           main] org.hibernate.cfg.Environment            : HHH000406: Using bytecode reflection optimizer
2025-03-11T19:53:30.520-05:00 DEBUG 37052 --- [           main] org.hibernate.type.BasicTypeRegistry     : Adding type registration boolean -> org.hibernate.type.BasicTypeReference@44bc2449
2025-03-11T19:53:30.521-05:00 DEBUG 37052 --- [           main] org.hibernate.type.BasicTypeRegistry     : Adding type registration boolean -> org.hibernate.type.BasicTypeReference@44bc2449
2025-03-11T19:53:30.521-05:00 DEBUG 37052 --- [           main] org.hibernate.type.BasicTypeRegistry     : Adding type registration java.lang.Boolean -> org.hibernate.type.BasicTypeReference@44bc2449
2025-03-11T19:53:30.521-05:00 DEBUG 37052 --- [           main] org.hibernate.type.BasicTypeRegistry     : Adding type registration numeric_boolean -> org.hibernate.type.BasicTypeReference@3c28e5b6
2025-03-11T19:53:30.521-05:00 DEBUG 37052 --- [           main] org.hibernate.type.BasicTypeRegistry     : Adding type registration org.hibernate.type.NumericBooleanConverter -> org.hibernate.type.BasicTypeReference@3c28e5b6
2025-03-11T19:53:30.521-05:00 DEBUG 37052 --- [           main] org.hibernate.type.BasicTypeRegistry     : Adding type registration true_false -> org.hibernate.type.BasicTypeReference@7558c24b
2025-03-11T19:53:30.521-05:00 DEBUG 37052 --- [           main] org.hibernate.type.BasicTypeRegistry     : Adding type registration org.hibernate.type.TrueFalseConverter -> org.hibernate.type.BasicTypeReference@7558c24b
2025-03-11T19:53:30.522-05:00 DEBUG 37052 --- [           main] org.hibernate.type.BasicTypeRegistry     : Adding type registration yes_no -> org.hibernate.type.BasicTypeReference@3a296107
2025-03-11T19:53:30.522-05:00 DEBUG 37052 --- [           main] org.hibernate.type.BasicTypeRegistry     : Adding type registration org.hibernate.type.YesNoConverter -> org.hibernate.type.BasicTypeReference@3a296107
2025-03-11T19:53:30.522-05:00 DEBUG 37052 --- [           main] org.hibernate.type.BasicTypeRegistry     : Adding type registration byte -> org.hibernate.type.BasicTypeReference@1f129467
2025-03-11T19:53:30.522-05:00 DEBUG 37052 --- [           main] org.hibernate.type.BasicTypeRegistry     : Adding type registration byte -> org.hibernate.type.BasicTypeReference@1f129467
2025-03-11T19:53:30.523-05:00 DEBUG 37052 --- [           main] org.hibernate.type.BasicTypeRegistry     : Adding type registration java.lang.Byte -> org.hibernate.type.BasicTypeReference@1f129467
2025-03-11T19:53:30.524-05:00 DEBUG 37052 --- [           main] org.hibernate.type.BasicTypeRegistry     : Adding type registration binary -> org.hibernate.type.BasicTypeReference@646cd766
2025-03-11T19:53:30.524-05:00 DEBUG 37052 --- [           main] org.hibernate.type.BasicTypeRegistry     : Adding type registration byte[] -> org.hibernate.type.BasicTypeReference@646cd766
2025-03-11T19:53:30.524-05:00 DEBUG 37052 --- [           main] org.hibernate.type.BasicTypeRegistry     : Adding type registration [B -> org.hibernate.type.BasicTypeReference@646cd766
2025-03-11T19:53:30.525-05:00 DEBUG 37052 --- [           main] org.hibernate.type.BasicTypeRegistry     : Adding type registration binary_wrapper -> org.hibernate.type.BasicTypeReference@2dff7085
2025-03-11T19:53:30.525-05:00 DEBUG 37052 --- [           main] org.hibernate.type.BasicTypeRegistry     : Adding type registration wrapper-binary -> org.hibernate.type.BasicTypeReference@2dff7085
2025-03-11T19:53:30.525-05:00 DEBUG 37052 --- [           main] org.hibernate.type.BasicTypeRegistry     : Adding type registration image -> org.hibernate.type.BasicTypeReference@2faa55bb
2025-03-11T19:53:30.525-05:00 DEBUG 37052 --- [           main] org.hibernate.type.BasicTypeRegistry     : Adding type registration blob -> org.hibernate.type.BasicTypeReference@501957bf
2025-03-11T19:53:30.526-05:00 DEBUG 37052 --- [           main] org.hibernate.type.BasicTypeRegistry     : Adding type registration java.sql.Blob -> org.hibernate.type.BasicTypeReference@501957bf
2025-03-11T19:53:30.526-05:00 DEBUG 37052 --- [           main] org.hibernate.type.BasicTypeRegistry     : Adding type registration materialized_blob -> org.hibernate.type.BasicTypeReference@5d1d9d73
2025-03-11T19:53:30.526-05:00 DEBUG 37052 --- [           main] org.hibernate.type.BasicTypeRegistry     : Adding type registration materialized_blob_wrapper -> org.hibernate.type.BasicTypeReference@b30a50d
2025-03-11T19:53:30.526-05:00 DEBUG 37052 --- [           main] org.hibernate.type.BasicTypeRegistry     : Adding type registration short -> org.hibernate.type.BasicTypeReference@764a3e5d
2025-03-11T19:53:30.526-05:00 DEBUG 37052 --- [           main] org.hibernate.type.BasicTypeRegistry     : Adding type registration short -> org.hibernate.type.BasicTypeReference@764a3e5d
2025-03-11T19:53:30.527-05:00 DEBUG 37052 --- [           main] org.hibernate.type.BasicTypeRegistry     : Adding type registration java.lang.Short -> org.hibernate.type.BasicTypeReference@764a3e5d
2025-03-11T19:53:30.527-05:00 DEBUG 37052 --- [           main] org.hibernate.type.BasicTypeRegistry     : Adding type registration integer -> org.hibernate.type.BasicTypeReference@6c742b84
2025-03-11T19:53:30.527-05:00 DEBUG 37052 --- [           main] org.hibernate.type.BasicTypeRegistry     : Adding type registration int -> org.hibernate.type.BasicTypeReference@6c742b84
2025-03-11T19:53:30.527-05:00 DEBUG 37052 --- [           main] org.hibernate.type.BasicTypeRegistry     : Adding type registration java.lang.Integer -> org.hibernate.type.BasicTypeReference@6c742b84
2025-03-11T19:53:30.527-05:00 DEBUG 37052 --- [           main] org.hibernate.type.BasicTypeRegistry     : Adding type registration long -> org.hibernate.type.BasicTypeReference@5db3d57c
2025-03-11T19:53:30.527-05:00 DEBUG 37052 --- [           main] org.hibernate.type.BasicTypeRegistry     : Adding type registration long -> org.hibernate.type.BasicTypeReference@5db3d57c
2025-03-11T19:53:30.527-05:00 DEBUG 37052 --- [           main] org.hibernate.type.BasicTypeRegistry     : Adding type registration java.lang.Long -> org.hibernate.type.BasicTypeReference@5db3d57c
2025-03-11T19:53:30.527-05:00 DEBUG 37052 --- [           main] org.hibernate.type.BasicTypeRegistry     : Adding type registration float -> org.hibernate.type.BasicTypeReference@53a50b0a
2025-03-11T19:53:30.527-05:00 DEBUG 37052 --- [           main] org.hibernate.type.BasicTypeRegistry     : Adding type registration float -> org.hibernate.type.BasicTypeReference@53a50b0a
2025-03-11T19:53:30.528-05:00 DEBUG 37052 --- [           main] org.hibernate.type.BasicTypeRegistry     : Adding type registration java.lang.Float -> org.hibernate.type.BasicTypeReference@53a50b0a
2025-03-11T19:53:30.528-05:00 DEBUG 37052 --- [           main] org.hibernate.type.BasicTypeRegistry     : Adding type registration double -> org.hibernate.type.BasicTypeReference@74ba6ff5
2025-03-11T19:53:30.528-05:00 DEBUG 37052 --- [           main] org.hibernate.type.BasicTypeRegistry     : Adding type registration double -> org.hibernate.type.BasicTypeReference@74ba6ff5
2025-03-11T19:53:30.528-05:00 DEBUG 37052 --- [           main] org.hibernate.type.BasicTypeRegistry     : Adding type registration java.lang.Double -> org.hibernate.type.BasicTypeReference@74ba6ff5
2025-03-11T19:53:30.529-05:00 DEBUG 37052 --- [           main] org.hibernate.type.BasicTypeRegistry     : Adding type registration big_integer -> org.hibernate.type.BasicTypeReference@395f52ed
2025-03-11T19:53:30.529-05:00 DEBUG 37052 --- [           main] org.hibernate.type.BasicTypeRegistry     : Adding type registration java.math.BigInteger -> org.hibernate.type.BasicTypeReference@395f52ed
2025-03-11T19:53:30.529-05:00 DEBUG 37052 --- [           main] org.hibernate.type.BasicTypeRegistry     : Adding type registration big_decimal -> org.hibernate.type.BasicTypeReference@7a84788f
2025-03-11T19:53:30.530-05:00 DEBUG 37052 --- [           main] org.hibernate.type.BasicTypeRegistry     : Adding type registration java.math.BigDecimal -> org.hibernate.type.BasicTypeReference@7a84788f
2025-03-11T19:53:30.530-05:00 DEBUG 37052 --- [           main] org.hibernate.type.BasicTypeRegistry     : Adding type registration character -> org.hibernate.type.BasicTypeReference@102c18e
2025-03-11T19:53:30.530-05:00 DEBUG 37052 --- [           main] org.hibernate.type.BasicTypeRegistry     : Adding type registration char -> org.hibernate.type.BasicTypeReference@102c18e
2025-03-11T19:53:30.531-05:00 DEBUG 37052 --- [           main] org.hibernate.type.BasicTypeRegistry     : Adding type registration java.lang.Character -> org.hibernate.type.BasicTypeReference@102c18e
2025-03-11T19:53:30.531-05:00 DEBUG 37052 --- [           main] org.hibernate.type.BasicTypeRegistry     : Adding type registration character_nchar -> org.hibernate.type.BasicTypeReference@26e0d39c
2025-03-11T19:53:30.531-05:00 DEBUG 37052 --- [           main] org.hibernate.type.BasicTypeRegistry     : Adding type registration string -> org.hibernate.type.BasicTypeReference@65eb3597
2025-03-11T19:53:30.531-05:00 DEBUG 37052 --- [           main] org.hibernate.type.BasicTypeRegistry     : Adding type registration java.lang.String -> org.hibernate.type.BasicTypeReference@65eb3597
2025-03-11T19:53:30.531-05:00 DEBUG 37052 --- [           main] org.hibernate.type.BasicTypeRegistry     : Adding type registration nstring -> org.hibernate.type.BasicTypeReference@3c7279a5
2025-03-11T19:53:30.531-05:00 DEBUG 37052 --- [           main] org.hibernate.type.BasicTypeRegistry     : Adding type registration characters -> org.hibernate.type.BasicTypeReference@2bebd114
2025-03-11T19:53:30.531-05:00 DEBUG 37052 --- [           main] org.hibernate.type.BasicTypeRegistry     : Adding type registration char[] -> org.hibernate.type.BasicTypeReference@2bebd114
2025-03-11T19:53:30.532-05:00 DEBUG 37052 --- [           main] org.hibernate.type.BasicTypeRegistry     : Adding type registration [C -> org.hibernate.type.BasicTypeReference@2bebd114
2025-03-11T19:53:30.533-05:00 DEBUG 37052 --- [           main] org.hibernate.type.BasicTypeRegistry     : Adding type registration wrapper-characters -> org.hibernate.type.BasicTypeReference@b379bc6
2025-03-11T19:53:30.534-05:00 DEBUG 37052 --- [           main] org.hibernate.type.BasicTypeRegistry     : Adding type registration text -> org.hibernate.type.BasicTypeReference@374c40ba
2025-03-11T19:53:30.535-05:00 DEBUG 37052 --- [           main] org.hibernate.type.BasicTypeRegistry     : Adding type registration ntext -> org.hibernate.type.BasicTypeReference@18dcb8a7
2025-03-11T19:53:30.535-05:00 DEBUG 37052 --- [           main] org.hibernate.type.BasicTypeRegistry     : Adding type registration clob -> org.hibernate.type.BasicTypeReference@6dcab9d9
2025-03-11T19:53:30.536-05:00 DEBUG 37052 --- [           main] org.hibernate.type.BasicTypeRegistry     : Adding type registration java.sql.Clob -> org.hibernate.type.BasicTypeReference@6dcab9d9
2025-03-11T19:53:30.536-05:00 DEBUG 37052 --- [           main] org.hibernate.type.BasicTypeRegistry     : Adding type registration nclob -> org.hibernate.type.BasicTypeReference@5a14e60d
2025-03-11T19:53:30.536-05:00 DEBUG 37052 --- [           main] org.hibernate.type.BasicTypeRegistry     : Adding type registration java.sql.NClob -> org.hibernate.type.BasicTypeReference@5a14e60d
2025-03-11T19:53:30.537-05:00 DEBUG 37052 --- [           main] org.hibernate.type.BasicTypeRegistry     : Adding type registration materialized_clob -> org.hibernate.type.BasicTypeReference@f882465
2025-03-11T19:53:30.537-05:00 DEBUG 37052 --- [           main] org.hibernate.type.BasicTypeRegistry     : Adding type registration materialized_clob_char_array -> org.hibernate.type.BasicTypeReference@72ecbcb3
2025-03-11T19:53:30.537-05:00 DEBUG 37052 --- [           main] org.hibernate.type.BasicTypeRegistry     : Adding type registration materialized_clob_character_array -> org.hibernate.type.BasicTypeReference@4a50c746
2025-03-11T19:53:30.537-05:00 DEBUG 37052 --- [           main] org.hibernate.type.BasicTypeRegistry     : Adding type registration materialized_nclob -> org.hibernate.type.BasicTypeReference@3709748f
2025-03-11T19:53:30.537-05:00 DEBUG 37052 --- [           main] org.hibernate.type.BasicTypeRegistry     : Adding type registration materialized_nclob_character_array -> org.hibernate.type.BasicTypeReference@79ecc507
2025-03-11T19:53:30.538-05:00 DEBUG 37052 --- [           main] org.hibernate.type.BasicTypeRegistry     : Adding type registration materialized_nclob_char_array -> org.hibernate.type.BasicTypeReference@6ef2f7ad
2025-03-11T19:53:30.538-05:00 DEBUG 37052 --- [           main] org.hibernate.type.BasicTypeRegistry     : Adding type registration Duration -> org.hibernate.type.BasicTypeReference@22d477c2
2025-03-11T19:53:30.538-05:00 DEBUG 37052 --- [           main] org.hibernate.type.BasicTypeRegistry     : Adding type registration java.time.Duration -> org.hibernate.type.BasicTypeReference@22d477c2
2025-03-11T19:53:30.538-05:00 DEBUG 37052 --- [           main] org.hibernate.type.BasicTypeRegistry     : Adding type registration LocalDateTime -> org.hibernate.type.BasicTypeReference@5e85c21b
2025-03-11T19:53:30.538-05:00 DEBUG 37052 --- [           main] org.hibernate.type.BasicTypeRegistry     : Adding type registration java.time.LocalDateTime -> org.hibernate.type.BasicTypeReference@5e85c21b
2025-03-11T19:53:30.538-05:00 DEBUG 37052 --- [           main] org.hibernate.type.BasicTypeRegistry     : Adding type registration LocalDate -> org.hibernate.type.BasicTypeReference@41def031
2025-03-11T19:53:30.539-05:00 DEBUG 37052 --- [           main] org.hibernate.type.BasicTypeRegistry     : Adding type registration java.time.LocalDate -> org.hibernate.type.BasicTypeReference@41def031
2025-03-11T19:53:30.539-05:00 DEBUG 37052 --- [           main] org.hibernate.type.BasicTypeRegistry     : Adding type registration LocalTime -> org.hibernate.type.BasicTypeReference@38e83838
2025-03-11T19:53:30.539-05:00 DEBUG 37052 --- [           main] org.hibernate.type.BasicTypeRegistry     : Adding type registration java.time.LocalTime -> org.hibernate.type.BasicTypeReference@38e83838
2025-03-11T19:53:30.539-05:00 DEBUG 37052 --- [           main] org.hibernate.type.BasicTypeRegistry     : Adding type registration OffsetDateTime -> org.hibernate.type.BasicTypeReference@39832280
2025-03-11T19:53:30.539-05:00 DEBUG 37052 --- [           main] org.hibernate.type.BasicTypeRegistry     : Adding type registration java.time.OffsetDateTime -> org.hibernate.type.BasicTypeReference@39832280
2025-03-11T19:53:30.539-05:00 DEBUG 37052 --- [           main] org.hibernate.type.BasicTypeRegistry     : Adding type registration OffsetDateTimeWithTimezone -> org.hibernate.type.BasicTypeReference@4966bab1
2025-03-11T19:53:30.539-05:00 DEBUG 37052 --- [           main] org.hibernate.type.BasicTypeRegistry     : Adding type registration OffsetDateTimeWithoutTimezone -> org.hibernate.type.BasicTypeReference@7f0f84d4
2025-03-11T19:53:30.539-05:00 DEBUG 37052 --- [           main] org.hibernate.type.BasicTypeRegistry     : Adding type registration OffsetTime -> org.hibernate.type.BasicTypeReference@6df4af5
2025-03-11T19:53:30.539-05:00 DEBUG 37052 --- [           main] org.hibernate.type.BasicTypeRegistry     : Adding type registration java.time.OffsetTime -> org.hibernate.type.BasicTypeReference@6df4af5
2025-03-11T19:53:30.540-05:00 DEBUG 37052 --- [           main] org.hibernate.type.BasicTypeRegistry     : Adding type registration OffsetTimeUtc -> org.hibernate.type.BasicTypeReference@26e8ff8c
2025-03-11T19:53:30.540-05:00 DEBUG 37052 --- [           main] org.hibernate.type.BasicTypeRegistry     : Adding type registration OffsetTimeWithTimezone -> org.hibernate.type.BasicTypeReference@5aa76ad2
2025-03-11T19:53:30.540-05:00 DEBUG 37052 --- [           main] org.hibernate.type.BasicTypeRegistry     : Adding type registration OffsetTimeWithoutTimezone -> org.hibernate.type.BasicTypeReference@590d6c76
2025-03-11T19:53:30.540-05:00 DEBUG 37052 --- [           main] org.hibernate.type.BasicTypeRegistry     : Adding type registration ZonedDateTime -> org.hibernate.type.BasicTypeReference@25791d40
2025-03-11T19:53:30.540-05:00 DEBUG 37052 --- [           main] org.hibernate.type.BasicTypeRegistry     : Adding type registration java.time.ZonedDateTime -> org.hibernate.type.BasicTypeReference@25791d40
2025-03-11T19:53:30.540-05:00 DEBUG 37052 --- [           main] org.hibernate.type.BasicTypeRegistry     : Adding type registration ZonedDateTimeWithTimezone -> org.hibernate.type.BasicTypeReference@448c92fc
2025-03-11T19:53:30.540-05:00 DEBUG 37052 --- [           main] org.hibernate.type.BasicTypeRegistry     : Adding type registration ZonedDateTimeWithoutTimezone -> org.hibernate.type.BasicTypeReference@251c8145
2025-03-11T19:53:30.540-05:00 DEBUG 37052 --- [           main] org.hibernate.type.BasicTypeRegistry     : Adding type registration date -> org.hibernate.type.BasicTypeReference@17c0274c
2025-03-11T19:53:30.540-05:00 DEBUG 37052 --- [           main] org.hibernate.type.BasicTypeRegistry     : Adding type registration java.sql.Date -> org.hibernate.type.BasicTypeReference@17c0274c
2025-03-11T19:53:30.541-05:00 DEBUG 37052 --- [           main] org.hibernate.type.BasicTypeRegistry     : Adding type registration time -> org.hibernate.type.BasicTypeReference@7abeabe9
2025-03-11T19:53:30.541-05:00 DEBUG 37052 --- [           main] org.hibernate.type.BasicTypeRegistry     : Adding type registration java.sql.Time -> org.hibernate.type.BasicTypeReference@7abeabe9
2025-03-11T19:53:30.541-05:00 DEBUG 37052 --- [           main] org.hibernate.type.BasicTypeRegistry     : Adding type registration timestamp -> org.hibernate.type.BasicTypeReference@5a05dd30
2025-03-11T19:53:30.541-05:00 DEBUG 37052 --- [           main] org.hibernate.type.BasicTypeRegistry     : Adding type registration java.sql.Timestamp -> org.hibernate.type.BasicTypeReference@5a05dd30
2025-03-11T19:53:30.541-05:00 DEBUG 37052 --- [           main] org.hibernate.type.BasicTypeRegistry     : Adding type registration java.util.Date -> org.hibernate.type.BasicTypeReference@5a05dd30
2025-03-11T19:53:30.541-05:00 DEBUG 37052 --- [           main] org.hibernate.type.BasicTypeRegistry     : Adding type registration calendar -> org.hibernate.type.BasicTypeReference@1b52699c
2025-03-11T19:53:30.541-05:00 DEBUG 37052 --- [           main] org.hibernate.type.BasicTypeRegistry     : Adding type registration java.util.Calendar -> org.hibernate.type.BasicTypeReference@1b52699c
2025-03-11T19:53:30.541-05:00 DEBUG 37052 --- [           main] org.hibernate.type.BasicTypeRegistry     : Adding type registration java.util.GregorianCalendar -> org.hibernate.type.BasicTypeReference@1b52699c
2025-03-11T19:53:30.541-05:00 DEBUG 37052 --- [           main] org.hibernate.type.BasicTypeRegistry     : Adding type registration calendar_date -> org.hibernate.type.BasicTypeReference@dbed7fd
2025-03-11T19:53:30.541-05:00 DEBUG 37052 --- [           main] org.hibernate.type.BasicTypeRegistry     : Adding type registration calendar_time -> org.hibernate.type.BasicTypeReference@250d440
2025-03-11T19:53:30.541-05:00 DEBUG 37052 --- [           main] org.hibernate.type.BasicTypeRegistry     : Adding type registration instant -> org.hibernate.type.BasicTypeReference@76c86567
2025-03-11T19:53:30.542-05:00 DEBUG 37052 --- [           main] org.hibernate.type.BasicTypeRegistry     : Adding type registration java.time.Instant -> org.hibernate.type.BasicTypeReference@76c86567
2025-03-11T19:53:30.542-05:00 DEBUG 37052 --- [           main] org.hibernate.type.BasicTypeRegistry     : Adding type registration uuid -> org.hibernate.type.BasicTypeReference@7e5efcab
2025-03-11T19:53:30.542-05:00 DEBUG 37052 --- [           main] org.hibernate.type.BasicTypeRegistry     : Adding type registration java.util.UUID -> org.hibernate.type.BasicTypeReference@7e5efcab
2025-03-11T19:53:30.542-05:00 DEBUG 37052 --- [           main] org.hibernate.type.BasicTypeRegistry     : Adding type registration pg-uuid -> org.hibernate.type.BasicTypeReference@7e5efcab
2025-03-11T19:53:30.542-05:00 DEBUG 37052 --- [           main] org.hibernate.type.BasicTypeRegistry     : Adding type registration uuid-binary -> org.hibernate.type.BasicTypeReference@5a4dda2
2025-03-11T19:53:30.542-05:00 DEBUG 37052 --- [           main] org.hibernate.type.BasicTypeRegistry     : Adding type registration uuid-char -> org.hibernate.type.BasicTypeReference@1d2fb82
2025-03-11T19:53:30.542-05:00 DEBUG 37052 --- [           main] org.hibernate.type.BasicTypeRegistry     : Adding type registration class -> org.hibernate.type.BasicTypeReference@34045582
2025-03-11T19:53:30.542-05:00 DEBUG 37052 --- [           main] org.hibernate.type.BasicTypeRegistry     : Adding type registration java.lang.Class -> org.hibernate.type.BasicTypeReference@34045582
2025-03-11T19:53:30.542-05:00 DEBUG 37052 --- [           main] org.hibernate.type.BasicTypeRegistry     : Adding type registration currency -> org.hibernate.type.BasicTypeReference@3db65c0d
2025-03-11T19:53:30.542-05:00 DEBUG 37052 --- [           main] org.hibernate.type.BasicTypeRegistry     : Adding type registration Currency -> org.hibernate.type.BasicTypeReference@3db65c0d
2025-03-11T19:53:30.542-05:00 DEBUG 37052 --- [           main] org.hibernate.type.BasicTypeRegistry     : Adding type registration java.util.Currency -> org.hibernate.type.BasicTypeReference@3db65c0d
2025-03-11T19:53:30.543-05:00 DEBUG 37052 --- [           main] org.hibernate.type.BasicTypeRegistry     : Adding type registration locale -> org.hibernate.type.BasicTypeReference@1edccfd4
2025-03-11T19:53:30.543-05:00 DEBUG 37052 --- [           main] org.hibernate.type.BasicTypeRegistry     : Adding type registration java.util.Locale -> org.hibernate.type.BasicTypeReference@1edccfd4
2025-03-11T19:53:30.543-05:00 DEBUG 37052 --- [           main] org.hibernate.type.BasicTypeRegistry     : Adding type registration serializable -> org.hibernate.type.BasicTypeReference@8c43966
2025-03-11T19:53:30.543-05:00 DEBUG 37052 --- [           main] org.hibernate.type.BasicTypeRegistry     : Adding type registration java.io.Serializable -> org.hibernate.type.BasicTypeReference@8c43966
2025-03-11T19:53:30.543-05:00 DEBUG 37052 --- [           main] org.hibernate.type.BasicTypeRegistry     : Adding type registration timezone -> org.hibernate.type.BasicTypeReference@1efac5b9
2025-03-11T19:53:30.543-05:00 DEBUG 37052 --- [           main] org.hibernate.type.BasicTypeRegistry     : Adding type registration java.util.TimeZone -> org.hibernate.type.BasicTypeReference@1efac5b9
2025-03-11T19:53:30.543-05:00 DEBUG 37052 --- [           main] org.hibernate.type.BasicTypeRegistry     : Adding type registration ZoneOffset -> org.hibernate.type.BasicTypeReference@11a3a45f
2025-03-11T19:53:30.543-05:00 DEBUG 37052 --- [           main] org.hibernate.type.BasicTypeRegistry     : Adding type registration java.time.ZoneOffset -> org.hibernate.type.BasicTypeReference@11a3a45f
2025-03-11T19:53:30.543-05:00 DEBUG 37052 --- [           main] org.hibernate.type.BasicTypeRegistry     : Adding type registration url -> org.hibernate.type.BasicTypeReference@69796bd0
2025-03-11T19:53:30.544-05:00 DEBUG 37052 --- [           main] org.hibernate.type.BasicTypeRegistry     : Adding type registration java.net.URL -> org.hibernate.type.BasicTypeReference@69796bd0
2025-03-11T19:53:30.544-05:00 DEBUG 37052 --- [           main] org.hibernate.type.BasicTypeRegistry     : Adding type registration row_version -> org.hibernate.type.BasicTypeReference@40df6090
2025-03-11T19:53:30.561-05:00 DEBUG 37052 --- [           main] org.hibernate.type.BasicTypeRegistry     : Adding type registration object -> org.hibernate.type.JavaObjectType@370c9018
2025-03-11T19:53:30.561-05:00 DEBUG 37052 --- [           main] org.hibernate.type.BasicTypeRegistry     : Adding type registration java.lang.Object -> org.hibernate.type.JavaObjectType@370c9018
2025-03-11T19:53:30.563-05:00 DEBUG 37052 --- [           main] org.hibernate.type.BasicTypeRegistry     : Adding type registration null -> org.hibernate.type.NullType@6af310c7
2025-03-11T19:53:30.563-05:00 DEBUG 37052 --- [           main] org.hibernate.type.BasicTypeRegistry     : Adding type registration imm_date -> org.hibernate.type.BasicTypeReference@4aed311e
2025-03-11T19:53:30.563-05:00 DEBUG 37052 --- [           main] org.hibernate.type.BasicTypeRegistry     : Adding type registration imm_time -> org.hibernate.type.BasicTypeReference@4c38cd16
2025-03-11T19:53:30.563-05:00 DEBUG 37052 --- [           main] org.hibernate.type.BasicTypeRegistry     : Adding type registration imm_timestamp -> org.hibernate.type.BasicTypeReference@7ddcb0dc
2025-03-11T19:53:30.564-05:00 DEBUG 37052 --- [           main] org.hibernate.type.BasicTypeRegistry     : Adding type registration imm_calendar -> org.hibernate.type.BasicTypeReference@f5bf288
2025-03-11T19:53:30.564-05:00 DEBUG 37052 --- [           main] org.hibernate.type.BasicTypeRegistry     : Adding type registration imm_calendar_date -> org.hibernate.type.BasicTypeReference@2c1d57bc
2025-03-11T19:53:30.564-05:00 DEBUG 37052 --- [           main] org.hibernate.type.BasicTypeRegistry     : Adding type registration imm_calendar_time -> org.hibernate.type.BasicTypeReference@26c77f54
2025-03-11T19:53:30.564-05:00 DEBUG 37052 --- [           main] org.hibernate.type.BasicTypeRegistry     : Adding type registration imm_binary -> org.hibernate.type.BasicTypeReference@3e856100
2025-03-11T19:53:30.564-05:00 DEBUG 37052 --- [           main] org.hibernate.type.BasicTypeRegistry     : Adding type registration imm_serializable -> org.hibernate.type.BasicTypeReference@6e9a0bea
2025-03-11T19:53:31.445-05:00  INFO 37052 --- [           main] o.s.o.j.p.SpringPersistenceUnitInfo      : No LoadTimeWeaver setup: ignoring JPA class transformer
2025-03-11T19:53:31.558-05:00  INFO 37052 --- [           main] com.zaxxer.hikari.HikariDataSource       : HikariPool-1 - Starting...
2025-03-11T19:53:39.852-05:00  INFO 37052 --- [           main] com.zaxxer.hikari.pool.HikariPool        : HikariPool-1 - Added connection org.postgresql.jdbc.PgConnection@261275ae
2025-03-11T19:53:39.856-05:00  INFO 37052 --- [           main] com.zaxxer.hikari.HikariDataSource       : HikariPool-1 - Start completed.
2025-03-11T19:53:42.315-05:00  WARN 37052 --- [           main] org.hibernate.orm.deprecation            : HHH90000025: PostgreSQLDialect does not need to be specified explicitly using 'hibernate.dialect' (remove the property setting and it will be selected by default)
2025-03-11T19:53:42.594-05:00 DEBUG 37052 --- [           main] o.h.t.d.sql.spi.DdlTypeRegistry          : addDescriptor(6, org.hibernate.type.descriptor.sql.internal.CapacityDependentDdlType@3feebf9c) replaced previous registration(org.hibernate.type.descriptor.sql.internal.DdlTypeImpl@305e95a4)
2025-03-11T19:53:42.597-05:00 DEBUG 37052 --- [           main] o.h.t.d.jdbc.spi.JdbcTypeRegistry        : addDescriptor(2004, BlobTypeDescriptor(BLOB_BINDING)) replaced previous registration(BlobTypeDescriptor(DEFAULT))
2025-03-11T19:53:42.598-05:00 DEBUG 37052 --- [           main] o.h.t.d.jdbc.spi.JdbcTypeRegistry        : addDescriptor(2005, ClobTypeDescriptor(CLOB_BINDING)) replaced previous registration(ClobTypeDescriptor(DEFAULT))
2025-03-11T19:53:42.623-05:00 DEBUG 37052 --- [           main] org.hibernate.type.BasicTypeRegistry     : Adding type registration JAVA_OBJECT -> org.hibernate.type.JavaObjectType@57b1ec84
2025-03-11T19:53:42.623-05:00 DEBUG 37052 --- [           main] org.hibernate.type.BasicTypeRegistry     : Adding type registration java.lang.Object -> org.hibernate.type.JavaObjectType@57b1ec84
2025-03-11T19:53:42.623-05:00 DEBUG 37052 --- [           main] org.hibernate.type.BasicTypeRegistry     : Type registration key [java.lang.Object] overrode previous entry : `org.hibernate.type.JavaObjectType@370c9018`
2025-03-11T19:53:42.628-05:00 DEBUG 37052 --- [           main] org.hibernate.type.BasicTypeRegistry     : Adding type registration org.hibernate.type.DurationType -> basicType@1(java.time.Duration,2)
2025-03-11T19:53:42.629-05:00 DEBUG 37052 --- [           main] org.hibernate.type.BasicTypeRegistry     : Adding type registration Duration -> basicType@1(java.time.Duration,2)
2025-03-11T19:53:42.629-05:00 DEBUG 37052 --- [           main] org.hibernate.type.BasicTypeRegistry     : Adding type registration java.time.Duration -> basicType@1(java.time.Duration,2)
2025-03-11T19:53:42.634-05:00 DEBUG 37052 --- [           main] org.hibernate.type.BasicTypeRegistry     : Adding type registration org.hibernate.type.OffsetDateTimeType -> basicType@2(java.time.OffsetDateTime,3003)
2025-03-11T19:53:42.634-05:00 DEBUG 37052 --- [           main] org.hibernate.type.BasicTypeRegistry     : Adding type registration OffsetDateTime -> basicType@2(java.time.OffsetDateTime,3003)
2025-03-11T19:53:42.635-05:00 DEBUG 37052 --- [           main] org.hibernate.type.BasicTypeRegistry     : Adding type registration java.time.OffsetDateTime -> basicType@2(java.time.OffsetDateTime,3003)
2025-03-11T19:53:42.635-05:00 DEBUG 37052 --- [           main] org.hibernate.type.BasicTypeRegistry     : Adding type registration org.hibernate.type.ZonedDateTimeType -> basicType@3(java.time.ZonedDateTime,3003)
2025-03-11T19:53:42.635-05:00 DEBUG 37052 --- [           main] org.hibernate.type.BasicTypeRegistry     : Adding type registration ZonedDateTime -> basicType@3(java.time.ZonedDateTime,3003)
2025-03-11T19:53:42.635-05:00 DEBUG 37052 --- [           main] org.hibernate.type.BasicTypeRegistry     : Adding type registration java.time.ZonedDateTime -> basicType@3(java.time.ZonedDateTime,3003)
2025-03-11T19:53:42.636-05:00 DEBUG 37052 --- [           main] org.hibernate.type.BasicTypeRegistry     : Adding type registration org.hibernate.type.OffsetTimeType -> basicType@4(java.time.OffsetTime,3007)
2025-03-11T19:53:42.636-05:00 DEBUG 37052 --- [           main] org.hibernate.type.BasicTypeRegistry     : Adding type registration OffsetTime -> basicType@4(java.time.OffsetTime,3007)
2025-03-11T19:53:42.636-05:00 DEBUG 37052 --- [           main] org.hibernate.type.BasicTypeRegistry     : Adding type registration java.time.OffsetTime -> basicType@4(java.time.OffsetTime,3007)
2025-03-11T19:53:42.638-05:00 DEBUG 37052 --- [           main] o.h.type.spi.TypeConfiguration$Scope     : Scoping TypeConfiguration [org.hibernate.type.spi.TypeConfiguration@5c4714ef] to MetadataBuildingContext [org.hibernate.boot.internal.MetadataBuildingContextRootImpl@c94bd18]
2025-03-11T19:53:46.215-05:00  INFO 37052 --- [           main] o.h.e.t.j.p.i.JtaPlatformInitiator       : HHH000489: No JTA platform available (set 'hibernate.transaction.jta.platform' to enable JTA platform integration)
2025-03-11T19:53:46.216-05:00 DEBUG 37052 --- [           main] o.h.type.spi.TypeConfiguration$Scope     : Scoping TypeConfiguration [org.hibernate.type.spi.TypeConfiguration@5c4714ef] to SessionFactoryImplementor [org.hibernate.internal.SessionFactoryImpl@51bc649e]
2025-03-11T19:53:46.220-05:00 TRACE 37052 --- [           main] o.h.type.spi.TypeConfiguration$Scope     : Handling #sessionFactoryCreated from [org.hibernate.internal.SessionFactoryImpl@51bc649e] for TypeConfiguration
2025-03-11T19:53:46.221-05:00  INFO 37052 --- [           main] j.LocalContainerEntityManagerFactoryBean : Initialized JPA EntityManagerFactory for persistence unit 'default'
2025-03-11T19:53:47.331-05:00  INFO 37052 --- [           main] o.s.d.j.r.query.QueryEnhancerFactory     : Hibernate is in classpath; If applicable, HQL parser will be used.
2025-03-11T19:53:49.054-05:00  WARN 37052 --- [           main] JpaBaseConfiguration$JpaWebConfiguration : spring.jpa.open-in-view is enabled by default. Therefore, database queries may be performed during view rendering. Explicitly configure spring.jpa.open-in-view to disable this warning
2025-03-11T19:53:49.980-05:00 DEBUG 37052 --- [           main] o.s.w.s.s.s.WebSocketHandlerMapping      : Patterns [/ws/**] in 'stompWebSocketHandlerMapping'
2025-03-11T19:53:50.299-05:00 DEBUG 37052 --- [           main] s.w.s.m.m.a.RequestMappingHandlerMapping : 105 mappings in 'requestMappingHandlerMapping'
2025-03-11T19:53:50.506-05:00 DEBUG 37052 --- [           main] o.s.w.s.handler.SimpleUrlHandlerMapping  : Patterns [/webjars/**, /**] in 'resourceHandlerMapping'
2025-03-11T19:53:50.600-05:00 DEBUG 37052 --- [           main] edFilterInvocationSecurityMetadataSource : Adding web access control expression [permitAll] for ExactUrl [processUrl='/login?error']
2025-03-11T19:53:50.715-05:00 DEBUG 37052 --- [           main] edFilterInvocationSecurityMetadataSource : Adding web access control expression [permitAll] for ExactUrl [processUrl='/login']
2025-03-11T19:53:50.715-05:00 DEBUG 37052 --- [           main] edFilterInvocationSecurityMetadataSource : Adding web access control expression [permitAll] for ExactUrl [processUrl='/login']
2025-03-11T19:53:50.715-05:00 DEBUG 37052 --- [           main] edFilterInvocationSecurityMetadataSource : Adding web access control expression [permitAll] for Ant [pattern='/logout']
2025-03-11T19:53:50.715-05:00 DEBUG 37052 --- [           main] edFilterInvocationSecurityMetadataSource : Adding web access control expression [permitAll] for ExactUrl [processUrl='/login?logout']
2025-03-11T19:53:50.716-05:00 DEBUG 37052 --- [           main] edFilterInvocationSecurityMetadataSource : Adding web access control expression [permitAll] for Ant [pattern='/css/**']
2025-03-11T19:53:50.716-05:00 DEBUG 37052 --- [           main] edFilterInvocationSecurityMetadataSource : Adding web access control expression [permitAll] for Ant [pattern='/js/**']
2025-03-11T19:53:50.716-05:00 DEBUG 37052 --- [           main] edFilterInvocationSecurityMetadataSource : Adding web access control expression [permitAll] for Ant [pattern='/img/**']
2025-03-11T19:53:50.716-05:00 DEBUG 37052 --- [           main] edFilterInvocationSecurityMetadataSource : Adding web access control expression [permitAll] for Ant [pattern='/index**']
2025-03-11T19:53:50.716-05:00 DEBUG 37052 --- [           main] edFilterInvocationSecurityMetadataSource : Adding web access control expression [permitAll] for Ant [pattern='/registro**']
2025-03-11T19:53:50.716-05:00 DEBUG 37052 --- [           main] edFilterInvocationSecurityMetadataSource : Adding web access control expression [permitAll] for Ant [pattern='/registro/usuario**']
2025-03-11T19:53:50.716-05:00 DEBUG 37052 --- [           main] edFilterInvocationSecurityMetadataSource : Adding web access control expression [permitAll] for Ant [pattern='/resultado**']
2025-03-11T19:53:50.716-05:00 DEBUG 37052 --- [           main] edFilterInvocationSecurityMetadataSource : Adding web access control expression [permitAll] for Ant [pattern='/recover-password**']
2025-03-11T19:53:50.716-05:00 DEBUG 37052 --- [           main] edFilterInvocationSecurityMetadataSource : Adding web access control expression [permitAll] for Ant [pattern='/reset-password/**']
2025-03-11T19:53:50.716-05:00 DEBUG 37052 --- [           main] edFilterInvocationSecurityMetadataSource : Adding web access control expression [permitAll] for Ant [pattern='/recuperar/**']
2025-03-11T19:53:50.716-05:00 DEBUG 37052 --- [           main] edFilterInvocationSecurityMetadataSource : Adding web access control expression [permitAll] for Ant [pattern='/catalogo/**']
2025-03-11T19:53:50.717-05:00 DEBUG 37052 --- [           main] edFilterInvocationSecurityMetadataSource : Adding web access control expression [permitAll] for Ant [pattern='/carrito-pedido/**']
2025-03-11T19:53:50.717-05:00 DEBUG 37052 --- [           main] edFilterInvocationSecurityMetadataSource : Adding web access control expression [authenticated] for any request
2025-03-11T19:53:50.739-05:00  INFO 37052 --- [           main] o.s.s.web.DefaultSecurityFilterChain     : Will secure any request with [org.springframework.security.web.session.DisableEncodeUrlFilter@465eb466, org.springframework.security.web.context.request.async.WebAsyncManagerIntegrationFilter@5fc44b4b, org.springframework.security.web.context.SecurityContextHolderFilter@36e7b91c, org.springframework.security.web.header.HeaderWriterFilter@41628b4f, org.springframework.security.web.authentication.logout.LogoutFilter@3c88db1, org.springframework.security.web.authentication.UsernamePasswordAuthenticationFilter@670481b2, org.springframework.security.web.savedrequest.RequestCacheAwareFilter@1dcfbad1, org.springframework.security.web.servletapi.SecurityContextHolderAwareRequestFilter@19e5e846, org.springframework.security.web.authentication.AnonymousAuthenticationFilter@1c8e4810, org.springframework.security.web.access.ExceptionTranslationFilter@45dbbb97, org.springframework.security.web.access.intercept.FilterSecurityInterceptor@29509774]
2025-03-11T19:53:50.883-05:00 DEBUG 37052 --- [           main] .WebSocketAnnotationMethodMessageHandler : 
	c.x.g.c.A.ChatController:
	{[MESSAGE],[/chat.sendMessage]}: sendMessage(ChatMessage,Principal)
2025-03-11T19:53:50.884-05:00 DEBUG 37052 --- [           main] .WebSocketAnnotationMethodMessageHandler : 
	c.x.g.c.A.ContactController:
	
2025-03-11T19:53:50.885-05:00 DEBUG 37052 --- [           main] .WebSocketAnnotationMethodMessageHandler : 
	c.x.g.c.A.Controlador:
	
2025-03-11T19:53:50.885-05:00 DEBUG 37052 --- [           main] .WebSocketAnnotationMethodMessageHandler : 
	c.x.g.c.A.DETALLEController:
	
2025-03-11T19:53:50.885-05:00 DEBUG 37052 --- [           main] .WebSocketAnnotationMethodMessageHandler : 
	c.x.g.c.A.MATERIALController:
	
2025-03-11T19:53:50.885-05:00 DEBUG 37052 --- [           main] .WebSocketAnnotationMethodMessageHandler : 
	c.x.g.c.A.PEDIDOController:
	
2025-03-11T19:53:50.885-05:00 DEBUG 37052 --- [           main] .WebSocketAnnotationMethodMessageHandler : 
	c.x.g.c.A.RegistroAdminControlador:
	
2025-03-11T19:53:50.885-05:00 DEBUG 37052 --- [           main] .WebSocketAnnotationMethodMessageHandler : 
	c.x.g.c.A.v.CategoryController:
	
2025-03-11T19:53:50.885-05:00 DEBUG 37052 --- [           main] .WebSocketAnnotationMethodMessageHandler : 
	c.x.g.c.A.v.DetailController:
	
2025-03-11T19:53:50.885-05:00 DEBUG 37052 --- [           main] .WebSocketAnnotationMethodMessageHandler : 
	c.x.g.c.A.v.ProductController:
	
2025-03-11T19:53:50.886-05:00 DEBUG 37052 --- [           main] .WebSocketAnnotationMethodMessageHandler : 
	c.x.g.c.A.v.SaleController:
	
2025-03-11T19:53:50.886-05:00 DEBUG 37052 --- [           main] .WebSocketAnnotationMethodMessageHandler : 
	c.x.g.c.A.v.ShoppingCartController:
	
2025-03-11T19:53:50.886-05:00 DEBUG 37052 --- [           main] .WebSocketAnnotationMethodMessageHandler : 
	c.x.g.c.C.ControladorCliente:
	
2025-03-11T19:53:50.886-05:00 DEBUG 37052 --- [           main] .WebSocketAnnotationMethodMessageHandler : 
	c.x.g.c.ErrorControler:
	
2025-03-11T19:53:50.886-05:00 DEBUG 37052 --- [           main] .WebSocketAnnotationMethodMessageHandler : 
	c.x.g.c.ExporterController:
	
2025-03-11T19:53:50.886-05:00 DEBUG 37052 --- [           main] .WebSocketAnnotationMethodMessageHandler : 
	c.x.g.c.PasswordRecoveryController:
	
2025-03-11T19:53:50.886-05:00 DEBUG 37052 --- [           main] .WebSocketAnnotationMethodMessageHandler : 
	c.x.g.c.RegistroUsuarioControlador:
	
2025-03-11T19:53:50.886-05:00 DEBUG 37052 --- [           main] .WebSocketAnnotationMethodMessageHandler : 
	c.x.g.c.ResetPasswordController:
	
2025-03-11T19:53:50.886-05:00 DEBUG 37052 --- [           main] .WebSocketAnnotationMethodMessageHandler : 
	c.x.g.c.V.ControladorVendedor:
	
2025-03-11T19:53:50.886-05:00 DEBUG 37052 --- [           main] .WebSocketAnnotationMethodMessageHandler : 
	c.x.g.c.V.DetailControllerVendedor:
	
2025-03-11T19:53:50.887-05:00 DEBUG 37052 --- [           main] .WebSocketAnnotationMethodMessageHandler : 
	c.x.g.c.V.DETALLEControllerVendedor:
	
2025-03-11T19:53:50.887-05:00 DEBUG 37052 --- [           main] .WebSocketAnnotationMethodMessageHandler : 
	c.x.g.c.V.PEDIDOControllerVendedor:
	
2025-03-11T19:53:50.887-05:00 DEBUG 37052 --- [           main] .WebSocketAnnotationMethodMessageHandler : 
	c.x.g.c.V.ProductControllerVendedor:
	
2025-03-11T19:53:50.887-05:00 DEBUG 37052 --- [           main] .WebSocketAnnotationMethodMessageHandler : 
	c.x.g.c.V.SaleControllerVendedor:
	
2025-03-11T19:53:51.516-05:00 DEBUG 37052 --- [           main] s.w.s.m.m.a.RequestMappingHandlerAdapter : ControllerAdvice beans: 0 @ModelAttribute, 0 @InitBinder, 1 RequestBodyAdvice, 1 ResponseBodyAdvice
2025-03-11T19:53:51.619-05:00 DEBUG 37052 --- [           main] .m.m.a.ExceptionHandlerExceptionResolver : ControllerAdvice beans: 0 @ExceptionHandler, 1 ResponseBodyAdvice
2025-03-11T19:53:52.084-05:00 DEBUG 37052 --- [           main] org.springframework.web.SimpLogging      : clientOutboundChannel added SubProtocolWebSocketHandler[StompSubProtocolHandler[v10.stomp, v11.stomp, v12.stomp]]
2025-03-11T19:53:52.085-05:00 DEBUG 37052 --- [           main] org.springframework.web.SimpLogging      : clientInboundChannel added WebSocketAnnotationMethodMessageHandler[prefixes=[/app/]]
2025-03-11T19:53:52.085-05:00  INFO 37052 --- [           main] o.s.m.s.b.SimpleBrokerMessageHandler     : Starting...
2025-03-11T19:53:52.085-05:00 DEBUG 37052 --- [           main] org.springframework.web.SimpLogging      : clientInboundChannel added SimpleBrokerMessageHandler [org.springframework.messaging.simp.broker.DefaultSubscriptionRegistry@50aa482f]
2025-03-11T19:53:52.085-05:00 DEBUG 37052 --- [           main] org.springframework.web.SimpLogging      : brokerChannel added SimpleBrokerMessageHandler [org.springframework.messaging.simp.broker.DefaultSubscriptionRegistry@50aa482f]
2025-03-11T19:53:52.086-05:00  INFO 37052 --- [           main] o.s.m.s.b.SimpleBrokerMessageHandler     : BrokerAvailabilityEvent[available=true, SimpleBrokerMessageHandler [org.springframework.messaging.simp.broker.DefaultSubscriptionRegistry@50aa482f]]
2025-03-11T19:53:52.087-05:00  INFO 37052 --- [           main] o.s.m.s.b.SimpleBrokerMessageHandler     : Started.
2025-03-11T19:53:52.087-05:00 DEBUG 37052 --- [           main] org.springframework.web.SimpLogging      : clientInboundChannel added UserDestinationMessageHandler[DefaultUserDestinationResolver[prefix=/user/]]
2025-03-11T19:53:52.087-05:00 DEBUG 37052 --- [           main] org.springframework.web.SimpLogging      : brokerChannel added UserDestinationMessageHandler[DefaultUserDestinationResolver[prefix=/user/]]
2025-03-11T19:53:52.095-05:00  INFO 37052 --- [           main] c.i.demojwt.DemoJwtApplicationTests      : Started DemoJwtApplicationTests in 30.331 seconds (process running for 34.151)
]]></system-out>
  </testcase>
</testsuite>