<?xml version="1.0" encoding="UTF-8"?>
<testsuite xmlns:xsi="http://www.w3.org/2001/XMLSchema-instance" xsi:noNamespaceSchemaLocation="https://maven.apache.org/surefire/maven-surefire-plugin/xsd/surefire-test-report-3.0.xsd" version="3.0" name="com.irojas.demojwt.DemoJwtApplicationTests" time="19.249" tests="1" errors="0" skipped="0" failures="0">
  <properties>
[...]
</properties>
  <testcase name="contextLoads" classname="com.irojas.demojwt.DemoJwtApplicationTests" time="1.196">
    <system-out><![CDATA[00:15:51.265 [main] INFO org.springframework.boot.devtools.restart.RestartApplicationListener -- Restart disabled due to context in which it is running

  .   ____          _            __ _ _
 /\\ / ___'_ __ _ _(_)_ __  __ _ \ \ \ \
( ( )\___ | '_ | '_| | '_ \/ _` | \ \ \ \
 \\/  ___)| |_)| | | | | || (_| |  ) ) ) )
  '  |____| .__|_| |_|_| |_\__, | / / / /
 =========|_|==============|___/=/_/_/_/
 :: Spring Boot ::               (v3.1.12)

2025-03-12T00:15:52.082-05:00  INFO 54312 --- [           main] c.i.demojwt.DemoJwtApplicationTests      : Starting DemoJwtApplicationTests using Java 17.0.12 with PID 54312 (started by USER in C:\Users\USER\Documents\spring-boot-jwt-authentication-1.0)
2025-03-12T00:15:52.084-05:00  INFO 54312 --- [           main] c.i.demojwt.DemoJwtApplicationTests      : No active profile set, falling back to 1 default profile: "default"
2025-03-12T00:15:52.208-05:00 DEBUG 54312 --- [           main] o.s.w.c.s.GenericWebApplicationContext   : Refreshing org.springframework.web.context.support.GenericWebApplicationContext@486be205
2025-03-12T00:15:54.458-05:00  INFO 54312 --- [           main] .s.d.r.c.RepositoryConfigurationDelegate : Bootstrapping Spring Data JPA repositories in DEFAULT mode.
2025-03-12T00:15:54.679-05:00  INFO 54312 --- [           main] .s.d.r.c.RepositoryConfigurationDelegate : Finished Spring Data repository scanning in 194 ms. Found 15 JPA repository interfaces.
2025-03-12T00:15:56.139-05:00  INFO 54312 --- [           main] o.hibernate.jpa.internal.util.LogHelper  : HHH000204: Processing PersistenceUnitInfo [name: default]
2025-03-12T00:15:56.443-05:00  INFO 54312 --- [           main] org.hibernate.Version                    : HHH000412: Hibernate ORM core version 6.2.25.Final
2025-03-12T00:15:56.448-05:00  INFO 54312 --- [           main] org.hibernate.cfg.Environment            : HHH000406: Using bytecode reflection optimizer
2025-03-12T00:15:56.947-05:00 DEBUG 54312 --- [           main] org.hibernate.type.BasicTypeRegistry     : Adding type registration boolean -> org.hibernate.type.BasicTypeReference@269222ae
2025-03-12T00:15:56.948-05:00 DEBUG 54312 --- [           main] org.hibernate.type.BasicTypeRegistry     : Adding type registration boolean -> org.hibernate.type.BasicTypeReference@269222ae
2025-03-12T00:15:56.948-05:00 DEBUG 54312 --- [           main] org.hibernate.type.BasicTypeRegistry     : Adding type registration java.lang.Boolean -> org.hibernate.type.BasicTypeReference@269222ae
2025-03-12T00:15:56.948-05:00 DEBUG 54312 --- [           main] org.hibernate.type.BasicTypeRegistry     : Adding type registration numeric_boolean -> org.hibernate.type.BasicTypeReference@13250132
2025-03-12T00:15:56.948-05:00 DEBUG 54312 --- [           main] org.hibernate.type.BasicTypeRegistry     : Adding type registration org.hibernate.type.NumericBooleanConverter -> org.hibernate.type.BasicTypeReference@13250132
2025-03-12T00:15:56.948-05:00 DEBUG 54312 --- [           main] org.hibernate.type.BasicTypeRegistry     : Adding type registration true_false -> org.hibernate.type.BasicTypeReference@40d848f9
2025-03-12T00:15:56.948-05:00 DEBUG 54312 --- [           main] org.hibernate.type.BasicTypeRegistry     : Adding type registration org.hibernate.type.TrueFalseConverter -> org.hibernate.type.BasicTypeReference@40d848f9
2025-03-12T00:15:56.948-05:00 DEBUG 54312 --- [           main] org.hibernate.type.BasicTypeRegistry     : Adding type registration yes_no -> org.hibernate.type.BasicTypeReference@4a864d4d
2025-03-12T00:15:56.949-05:00 DEBUG 54312 --- [           main] org.hibernate.type.BasicTypeRegistry     : Adding type registration org.hibernate.type.YesNoConverter -> org.hibernate.type.BasicTypeReference@4a864d4d
2025-03-12T00:15:56.949-05:00 DEBUG 54312 --- [           main] org.hibernate.type.BasicTypeRegistry     : Adding type registration byte -> org.hibernate.type.BasicTypeReference@7d3691e1
2025-03-12T00:15:56.949-05:00 DEBUG 54312 --- [           main] org.hibernate.type.BasicTypeRegistry     : Adding type registration byte -> org.hibernate.type.BasicTypeReference@7d3691e1
2025-03-12T00:15:56.949-05:00 DEBUG 54312 --- [           main] org.hibernate.type.BasicTypeRegistry     : Adding type registration java.lang.Byte -> org.hibernate.type.BasicTypeReference@7d3691e1
2025-03-12T00:15:56.950-05:00 DEBUG 54312 --- [           main] org.hibernate.type.BasicTypeRegistry     : Adding type registration binary -> org.hibernate.type.BasicTypeReference@46a123e4
2025-03-12T00:15:56.950-05:00 DEBUG 54312 --- [           main] org.hibernate.type.BasicTypeRegistry     : Adding type registration byte[] -> org.hibernate.type.BasicTypeReference@46a123e4
2025-03-12T00:15:56.950-05:00 DEBUG 54312 --- [           main] org.hibernate.type.BasicTypeRegistry     : Adding type registration [B -> org.hibernate.type.BasicTypeReference@46a123e4
2025-03-12T00:15:56.950-05:00 DEBUG 54312 --- [           main] org.hibernate.type.BasicTypeRegistry     : Adding type registration binary_wrapper -> org.hibernate.type.BasicTypeReference@7558c24b
2025-03-12T00:15:56.950-05:00 DEBUG 54312 --- [           main] org.hibernate.type.BasicTypeRegistry     : Adding type registration wrapper-binary -> org.hibernate.type.BasicTypeReference@7558c24b
2025-03-12T00:15:56.950-05:00 DEBUG 54312 --- [           main] org.hibernate.type.BasicTypeRegistry     : Adding type registration image -> org.hibernate.type.BasicTypeReference@3a296107
2025-03-12T00:15:56.950-05:00 DEBUG 54312 --- [           main] org.hibernate.type.BasicTypeRegistry     : Adding type registration blob -> org.hibernate.type.BasicTypeReference@1f129467
2025-03-12T00:15:56.951-05:00 DEBUG 54312 --- [           main] org.hibernate.type.BasicTypeRegistry     : Adding type registration java.sql.Blob -> org.hibernate.type.BasicTypeReference@1f129467
2025-03-12T00:15:56.951-05:00 DEBUG 54312 --- [           main] org.hibernate.type.BasicTypeRegistry     : Adding type registration materialized_blob -> org.hibernate.type.BasicTypeReference@646cd766
2025-03-12T00:15:56.951-05:00 DEBUG 54312 --- [           main] org.hibernate.type.BasicTypeRegistry     : Adding type registration materialized_blob_wrapper -> org.hibernate.type.BasicTypeReference@57151b3a
2025-03-12T00:15:56.951-05:00 DEBUG 54312 --- [           main] org.hibernate.type.BasicTypeRegistry     : Adding type registration short -> org.hibernate.type.BasicTypeReference@26457986
2025-03-12T00:15:56.951-05:00 DEBUG 54312 --- [           main] org.hibernate.type.BasicTypeRegistry     : Adding type registration short -> org.hibernate.type.BasicTypeReference@26457986
2025-03-12T00:15:56.951-05:00 DEBUG 54312 --- [           main] org.hibernate.type.BasicTypeRegistry     : Adding type registration java.lang.Short -> org.hibernate.type.BasicTypeReference@26457986
2025-03-12T00:15:56.951-05:00 DEBUG 54312 --- [           main] org.hibernate.type.BasicTypeRegistry     : Adding type registration integer -> org.hibernate.type.BasicTypeReference@2dff7085
2025-03-12T00:15:56.951-05:00 DEBUG 54312 --- [           main] org.hibernate.type.BasicTypeRegistry     : Adding type registration int -> org.hibernate.type.BasicTypeReference@2dff7085
2025-03-12T00:15:56.952-05:00 DEBUG 54312 --- [           main] org.hibernate.type.BasicTypeRegistry     : Adding type registration java.lang.Integer -> org.hibernate.type.BasicTypeReference@2dff7085
2025-03-12T00:15:56.952-05:00 DEBUG 54312 --- [           main] org.hibernate.type.BasicTypeRegistry     : Adding type registration long -> org.hibernate.type.BasicTypeReference@2faa55bb
2025-03-12T00:15:56.952-05:00 DEBUG 54312 --- [           main] org.hibernate.type.BasicTypeRegistry     : Adding type registration long -> org.hibernate.type.BasicTypeReference@2faa55bb
2025-03-12T00:15:56.952-05:00 DEBUG 54312 --- [           main] org.hibernate.type.BasicTypeRegistry     : Adding type registration java.lang.Long -> org.hibernate.type.BasicTypeReference@2faa55bb
2025-03-12T00:15:56.952-05:00 DEBUG 54312 --- [           main] org.hibernate.type.BasicTypeRegistry     : Adding type registration float -> org.hibernate.type.BasicTypeReference@501957bf
2025-03-12T00:15:56.952-05:00 DEBUG 54312 --- [           main] org.hibernate.type.BasicTypeRegistry     : Adding type registration float -> org.hibernate.type.BasicTypeReference@501957bf
2025-03-12T00:15:56.952-05:00 DEBUG 54312 --- [           main] org.hibernate.type.BasicTypeRegistry     : Adding type registration java.lang.Float -> org.hibernate.type.BasicTypeReference@501957bf
2025-03-12T00:15:56.952-05:00 DEBUG 54312 --- [           main] org.hibernate.type.BasicTypeRegistry     : Adding type registration double -> org.hibernate.type.BasicTypeReference@5d1d9d73
2025-03-12T00:15:56.952-05:00 DEBUG 54312 --- [           main] org.hibernate.type.BasicTypeRegistry     : Adding type registration double -> org.hibernate.type.BasicTypeReference@5d1d9d73
2025-03-12T00:15:56.953-05:00 DEBUG 54312 --- [           main] org.hibernate.type.BasicTypeRegistry     : Adding type registration java.lang.Double -> org.hibernate.type.BasicTypeReference@5d1d9d73
2025-03-12T00:15:56.953-05:00 DEBUG 54312 --- [           main] org.hibernate.type.BasicTypeRegistry     : Adding type registration big_integer -> org.hibernate.type.BasicTypeReference@b30a50d
2025-03-12T00:15:56.953-05:00 DEBUG 54312 --- [           main] org.hibernate.type.BasicTypeRegistry     : Adding type registration java.math.BigInteger -> org.hibernate.type.BasicTypeReference@b30a50d
2025-03-12T00:15:56.953-05:00 DEBUG 54312 --- [           main] org.hibernate.type.BasicTypeRegistry     : Adding type registration big_decimal -> org.hibernate.type.BasicTypeReference@764a3e5d
2025-03-12T00:15:56.953-05:00 DEBUG 54312 --- [           main] org.hibernate.type.BasicTypeRegistry     : Adding type registration java.math.BigDecimal -> org.hibernate.type.BasicTypeReference@764a3e5d
2025-03-12T00:15:56.953-05:00 DEBUG 54312 --- [           main] org.hibernate.type.BasicTypeRegistry     : Adding type registration character -> org.hibernate.type.BasicTypeReference@6c742b84
2025-03-12T00:15:56.953-05:00 DEBUG 54312 --- [           main] org.hibernate.type.BasicTypeRegistry     : Adding type registration char -> org.hibernate.type.BasicTypeReference@6c742b84
2025-03-12T00:15:56.953-05:00 DEBUG 54312 --- [           main] org.hibernate.type.BasicTypeRegistry     : Adding type registration java.lang.Character -> org.hibernate.type.BasicTypeReference@6c742b84
2025-03-12T00:15:56.953-05:00 DEBUG 54312 --- [           main] org.hibernate.type.BasicTypeRegistry     : Adding type registration character_nchar -> org.hibernate.type.BasicTypeReference@5db3d57c
2025-03-12T00:15:56.954-05:00 DEBUG 54312 --- [           main] org.hibernate.type.BasicTypeRegistry     : Adding type registration string -> org.hibernate.type.BasicTypeReference@53a50b0a
2025-03-12T00:15:56.954-05:00 DEBUG 54312 --- [           main] org.hibernate.type.BasicTypeRegistry     : Adding type registration java.lang.String -> org.hibernate.type.BasicTypeReference@53a50b0a
2025-03-12T00:15:56.954-05:00 DEBUG 54312 --- [           main] org.hibernate.type.BasicTypeRegistry     : Adding type registration nstring -> org.hibernate.type.BasicTypeReference@74ba6ff5
2025-03-12T00:15:56.954-05:00 DEBUG 54312 --- [           main] org.hibernate.type.BasicTypeRegistry     : Adding type registration characters -> org.hibernate.type.BasicTypeReference@395f52ed
2025-03-12T00:15:56.954-05:00 DEBUG 54312 --- [           main] org.hibernate.type.BasicTypeRegistry     : Adding type registration char[] -> org.hibernate.type.BasicTypeReference@395f52ed
2025-03-12T00:15:56.954-05:00 DEBUG 54312 --- [           main] org.hibernate.type.BasicTypeRegistry     : Adding type registration [C -> org.hibernate.type.BasicTypeReference@395f52ed
2025-03-12T00:15:56.954-05:00 DEBUG 54312 --- [           main] org.hibernate.type.BasicTypeRegistry     : Adding type registration wrapper-characters -> org.hibernate.type.BasicTypeReference@7a84788f
2025-03-12T00:15:56.954-05:00 DEBUG 54312 --- [           main] org.hibernate.type.BasicTypeRegistry     : Adding type registration text -> org.hibernate.type.BasicTypeReference@102c18e
2025-03-12T00:15:56.955-05:00 DEBUG 54312 --- [           main] org.hibernate.type.BasicTypeRegistry     : Adding type registration ntext -> org.hibernate.type.BasicTypeReference@26e0d39c
2025-03-12T00:15:56.955-05:00 DEBUG 54312 --- [           main] org.hibernate.type.BasicTypeRegistry     : Adding type registration clob -> org.hibernate.type.BasicTypeReference@65eb3597
2025-03-12T00:15:56.955-05:00 DEBUG 54312 --- [           main] org.hibernate.type.BasicTypeRegistry     : Adding type registration java.sql.Clob -> org.hibernate.type.BasicTypeReference@65eb3597
2025-03-12T00:15:56.955-05:00 DEBUG 54312 --- [           main] org.hibernate.type.BasicTypeRegistry     : Adding type registration nclob -> org.hibernate.type.BasicTypeReference@3c7279a5
2025-03-12T00:15:56.955-05:00 DEBUG 54312 --- [           main] org.hibernate.type.BasicTypeRegistry     : Adding type registration java.sql.NClob -> org.hibernate.type.BasicTypeReference@3c7279a5
2025-03-12T00:15:56.955-05:00 DEBUG 54312 --- [           main] org.hibernate.type.BasicTypeRegistry     : Adding type registration materialized_clob -> org.hibernate.type.BasicTypeReference@2bebd114
2025-03-12T00:15:56.955-05:00 DEBUG 54312 --- [           main] org.hibernate.type.BasicTypeRegistry     : Adding type registration materialized_clob_char_array -> org.hibernate.type.BasicTypeReference@b379bc6
2025-03-12T00:15:56.956-05:00 DEBUG 54312 --- [           main] org.hibernate.type.BasicTypeRegistry     : Adding type registration materialized_clob_character_array -> org.hibernate.type.BasicTypeReference@374c40ba
2025-03-12T00:15:56.956-05:00 DEBUG 54312 --- [           main] org.hibernate.type.BasicTypeRegistry     : Adding type registration materialized_nclob -> org.hibernate.type.BasicTypeReference@18dcb8a7
2025-03-12T00:15:56.956-05:00 DEBUG 54312 --- [           main] org.hibernate.type.BasicTypeRegistry     : Adding type registration materialized_nclob_character_array -> org.hibernate.type.BasicTypeReference@6dcab9d9
2025-03-12T00:15:56.956-05:00 DEBUG 54312 --- [           main] org.hibernate.type.BasicTypeRegistry     : Adding type registration materialized_nclob_char_array -> org.hibernate.type.BasicTypeReference@5a14e60d
2025-03-12T00:15:56.956-05:00 DEBUG 54312 --- [           main] org.hibernate.type.BasicTypeRegistry     : Adding type registration Duration -> org.hibernate.type.BasicTypeReference@f882465
2025-03-12T00:15:56.956-05:00 DEBUG 54312 --- [           main] org.hibernate.type.BasicTypeRegistry     : Adding type registration java.time.Duration -> org.hibernate.type.BasicTypeReference@f882465
2025-03-12T00:15:56.956-05:00 DEBUG 54312 --- [           main] org.hibernate.type.BasicTypeRegistry     : Adding type registration LocalDateTime -> org.hibernate.type.BasicTypeReference@72ecbcb3
2025-03-12T00:15:56.956-05:00 DEBUG 54312 --- [           main] org.hibernate.type.BasicTypeRegistry     : Adding type registration java.time.LocalDateTime -> org.hibernate.type.BasicTypeReference@72ecbcb3
2025-03-12T00:15:56.957-05:00 DEBUG 54312 --- [           main] org.hibernate.type.BasicTypeRegistry     : Adding type registration LocalDate -> org.hibernate.type.BasicTypeReference@4a50c746
2025-03-12T00:15:56.957-05:00 DEBUG 54312 --- [           main] org.hibernate.type.BasicTypeRegistry     : Adding type registration java.time.LocalDate -> org.hibernate.type.BasicTypeReference@4a50c746
2025-03-12T00:15:56.957-05:00 DEBUG 54312 --- [           main] org.hibernate.type.BasicTypeRegistry     : Adding type registration LocalTime -> org.hibernate.type.BasicTypeReference@3709748f
2025-03-12T00:15:56.957-05:00 DEBUG 54312 --- [           main] org.hibernate.type.BasicTypeRegistry     : Adding type registration java.time.LocalTime -> org.hibernate.type.BasicTypeReference@3709748f
2025-03-12T00:15:56.957-05:00 DEBUG 54312 --- [           main] org.hibernate.type.BasicTypeRegistry     : Adding type registration OffsetDateTime -> org.hibernate.type.BasicTypeReference@79ecc507
2025-03-12T00:15:56.957-05:00 DEBUG 54312 --- [           main] org.hibernate.type.BasicTypeRegistry     : Adding type registration java.time.OffsetDateTime -> org.hibernate.type.BasicTypeReference@79ecc507
2025-03-12T00:15:56.957-05:00 DEBUG 54312 --- [           main] org.hibernate.type.BasicTypeRegistry     : Adding type registration OffsetDateTimeWithTimezone -> org.hibernate.type.BasicTypeReference@6ef2f7ad
2025-03-12T00:15:56.957-05:00 DEBUG 54312 --- [           main] org.hibernate.type.BasicTypeRegistry     : Adding type registration OffsetDateTimeWithoutTimezone -> org.hibernate.type.BasicTypeReference@22d477c2
2025-03-12T00:15:56.957-05:00 DEBUG 54312 --- [           main] org.hibernate.type.BasicTypeRegistry     : Adding type registration OffsetTime -> org.hibernate.type.BasicTypeReference@5e85c21b
2025-03-12T00:15:56.958-05:00 DEBUG 54312 --- [           main] org.hibernate.type.BasicTypeRegistry     : Adding type registration java.time.OffsetTime -> org.hibernate.type.BasicTypeReference@5e85c21b
2025-03-12T00:15:56.958-05:00 DEBUG 54312 --- [           main] org.hibernate.type.BasicTypeRegistry     : Adding type registration OffsetTimeUtc -> org.hibernate.type.BasicTypeReference@41def031
2025-03-12T00:15:56.958-05:00 DEBUG 54312 --- [           main] org.hibernate.type.BasicTypeRegistry     : Adding type registration OffsetTimeWithTimezone -> org.hibernate.type.BasicTypeReference@38e83838
2025-03-12T00:15:56.958-05:00 DEBUG 54312 --- [           main] org.hibernate.type.BasicTypeRegistry     : Adding type registration OffsetTimeWithoutTimezone -> org.hibernate.type.BasicTypeReference@39832280
2025-03-12T00:15:56.958-05:00 DEBUG 54312 --- [           main] org.hibernate.type.BasicTypeRegistry     : Adding type registration ZonedDateTime -> org.hibernate.type.BasicTypeReference@4966bab1
2025-03-12T00:15:56.958-05:00 DEBUG 54312 --- [           main] org.hibernate.type.BasicTypeRegistry     : Adding type registration java.time.ZonedDateTime -> org.hibernate.type.BasicTypeReference@4966bab1
2025-03-12T00:15:56.958-05:00 DEBUG 54312 --- [           main] org.hibernate.type.BasicTypeRegistry     : Adding type registration ZonedDateTimeWithTimezone -> org.hibernate.type.BasicTypeReference@7f0f84d4
2025-03-12T00:15:56.958-05:00 DEBUG 54312 --- [           main] org.hibernate.type.BasicTypeRegistry     : Adding type registration ZonedDateTimeWithoutTimezone -> org.hibernate.type.BasicTypeReference@6df4af5
2025-03-12T00:15:56.958-05:00 DEBUG 54312 --- [           main] org.hibernate.type.BasicTypeRegistry     : Adding type registration date -> org.hibernate.type.BasicTypeReference@26e8ff8c
2025-03-12T00:15:56.958-05:00 DEBUG 54312 --- [           main] org.hibernate.type.BasicTypeRegistry     : Adding type registration java.sql.Date -> org.hibernate.type.BasicTypeReference@26e8ff8c
2025-03-12T00:15:56.959-05:00 DEBUG 54312 --- [           main] org.hibernate.type.BasicTypeRegistry     : Adding type registration time -> org.hibernate.type.BasicTypeReference@5aa76ad2
2025-03-12T00:15:56.959-05:00 DEBUG 54312 --- [           main] org.hibernate.type.BasicTypeRegistry     : Adding type registration java.sql.Time -> org.hibernate.type.BasicTypeReference@5aa76ad2
2025-03-12T00:15:56.959-05:00 DEBUG 54312 --- [           main] org.hibernate.type.BasicTypeRegistry     : Adding type registration timestamp -> org.hibernate.type.BasicTypeReference@590d6c76
2025-03-12T00:15:56.959-05:00 DEBUG 54312 --- [           main] org.hibernate.type.BasicTypeRegistry     : Adding type registration java.sql.Timestamp -> org.hibernate.type.BasicTypeReference@590d6c76
2025-03-12T00:15:56.959-05:00 DEBUG 54312 --- [           main] org.hibernate.type.BasicTypeRegistry     : Adding type registration java.util.Date -> org.hibernate.type.BasicTypeReference@590d6c76
2025-03-12T00:15:56.959-05:00 DEBUG 54312 --- [           main] org.hibernate.type.BasicTypeRegistry     : Adding type registration calendar -> org.hibernate.type.BasicTypeReference@25791d40
2025-03-12T00:15:56.959-05:00 DEBUG 54312 --- [           main] org.hibernate.type.BasicTypeRegistry     : Adding type registration java.util.Calendar -> org.hibernate.type.BasicTypeReference@25791d40
2025-03-12T00:15:56.959-05:00 DEBUG 54312 --- [           main] org.hibernate.type.BasicTypeRegistry     : Adding type registration java.util.GregorianCalendar -> org.hibernate.type.BasicTypeReference@25791d40
2025-03-12T00:15:56.959-05:00 DEBUG 54312 --- [           main] org.hibernate.type.BasicTypeRegistry     : Adding type registration calendar_date -> org.hibernate.type.BasicTypeReference@448c92fc
2025-03-12T00:15:56.959-05:00 DEBUG 54312 --- [           main] org.hibernate.type.BasicTypeRegistry     : Adding type registration calendar_time -> org.hibernate.type.BasicTypeReference@251c8145
2025-03-12T00:15:56.959-05:00 DEBUG 54312 --- [           main] org.hibernate.type.BasicTypeRegistry     : Adding type registration instant -> org.hibernate.type.BasicTypeReference@17c0274c
2025-03-12T00:15:56.960-05:00 DEBUG 54312 --- [           main] org.hibernate.type.BasicTypeRegistry     : Adding type registration java.time.Instant -> org.hibernate.type.BasicTypeReference@17c0274c
2025-03-12T00:15:56.960-05:00 DEBUG 54312 --- [           main] org.hibernate.type.BasicTypeRegistry     : Adding type registration uuid -> org.hibernate.type.BasicTypeReference@7abeabe9
2025-03-12T00:15:56.960-05:00 DEBUG 54312 --- [           main] org.hibernate.type.BasicTypeRegistry     : Adding type registration java.util.UUID -> org.hibernate.type.BasicTypeReference@7abeabe9
2025-03-12T00:15:56.960-05:00 DEBUG 54312 --- [           main] org.hibernate.type.BasicTypeRegistry     : Adding type registration pg-uuid -> org.hibernate.type.BasicTypeReference@7abeabe9
2025-03-12T00:15:56.960-05:00 DEBUG 54312 --- [           main] org.hibernate.type.BasicTypeRegistry     : Adding type registration uuid-binary -> org.hibernate.type.BasicTypeReference@5a05dd30
2025-03-12T00:15:56.960-05:00 DEBUG 54312 --- [           main] org.hibernate.type.BasicTypeRegistry     : Adding type registration uuid-char -> org.hibernate.type.BasicTypeReference@1b52699c
2025-03-12T00:15:56.960-05:00 DEBUG 54312 --- [           main] org.hibernate.type.BasicTypeRegistry     : Adding type registration class -> org.hibernate.type.BasicTypeReference@dbed7fd
2025-03-12T00:15:56.960-05:00 DEBUG 54312 --- [           main] org.hibernate.type.BasicTypeRegistry     : Adding type registration java.lang.Class -> org.hibernate.type.BasicTypeReference@dbed7fd
2025-03-12T00:15:56.960-05:00 DEBUG 54312 --- [           main] org.hibernate.type.BasicTypeRegistry     : Adding type registration currency -> org.hibernate.type.BasicTypeReference@250d440
2025-03-12T00:15:56.960-05:00 DEBUG 54312 --- [           main] org.hibernate.type.BasicTypeRegistry     : Adding type registration Currency -> org.hibernate.type.BasicTypeReference@250d440
2025-03-12T00:15:56.960-05:00 DEBUG 54312 --- [           main] org.hibernate.type.BasicTypeRegistry     : Adding type registration java.util.Currency -> org.hibernate.type.BasicTypeReference@250d440
2025-03-12T00:15:56.960-05:00 DEBUG 54312 --- [           main] org.hibernate.type.BasicTypeRegistry     : Adding type registration locale -> org.hibernate.type.BasicTypeReference@76c86567
2025-03-12T00:15:56.961-05:00 DEBUG 54312 --- [           main] org.hibernate.type.BasicTypeRegistry     : Adding type registration java.util.Locale -> org.hibernate.type.BasicTypeReference@76c86567
2025-03-12T00:15:56.961-05:00 DEBUG 54312 --- [           main] org.hibernate.type.BasicTypeRegistry     : Adding type registration serializable -> org.hibernate.type.BasicTypeReference@7e5efcab
2025-03-12T00:15:56.961-05:00 DEBUG 54312 --- [           main] org.hibernate.type.BasicTypeRegistry     : Adding type registration java.io.Serializable -> org.hibernate.type.BasicTypeReference@7e5efcab
2025-03-12T00:15:56.961-05:00 DEBUG 54312 --- [           main] org.hibernate.type.BasicTypeRegistry     : Adding type registration timezone -> org.hibernate.type.BasicTypeReference@5a4dda2
2025-03-12T00:15:56.961-05:00 DEBUG 54312 --- [           main] org.hibernate.type.BasicTypeRegistry     : Adding type registration java.util.TimeZone -> org.hibernate.type.BasicTypeReference@5a4dda2
2025-03-12T00:15:56.961-05:00 DEBUG 54312 --- [           main] org.hibernate.type.BasicTypeRegistry     : Adding type registration ZoneOffset -> org.hibernate.type.BasicTypeReference@1d2fb82
2025-03-12T00:15:56.961-05:00 DEBUG 54312 --- [           main] org.hibernate.type.BasicTypeRegistry     : Adding type registration java.time.ZoneOffset -> org.hibernate.type.BasicTypeReference@1d2fb82
2025-03-12T00:15:56.961-05:00 DEBUG 54312 --- [           main] org.hibernate.type.BasicTypeRegistry     : Adding type registration url -> org.hibernate.type.BasicTypeReference@34045582
2025-03-12T00:15:56.961-05:00 DEBUG 54312 --- [           main] org.hibernate.type.BasicTypeRegistry     : Adding type registration java.net.URL -> org.hibernate.type.BasicTypeReference@34045582
2025-03-12T00:15:56.961-05:00 DEBUG 54312 --- [           main] org.hibernate.type.BasicTypeRegistry     : Adding type registration row_version -> org.hibernate.type.BasicTypeReference@3db65c0d
2025-03-12T00:15:56.978-05:00 DEBUG 54312 --- [           main] org.hibernate.type.BasicTypeRegistry     : Adding type registration object -> org.hibernate.type.JavaObjectType@58f254b1
2025-03-12T00:15:56.979-05:00 DEBUG 54312 --- [           main] org.hibernate.type.BasicTypeRegistry     : Adding type registration java.lang.Object -> org.hibernate.type.JavaObjectType@58f254b1
2025-03-12T00:15:56.983-05:00 DEBUG 54312 --- [           main] org.hibernate.type.BasicTypeRegistry     : Adding type registration null -> org.hibernate.type.NullType@284bdeed
2025-03-12T00:15:56.983-05:00 DEBUG 54312 --- [           main] org.hibernate.type.BasicTypeRegistry     : Adding type registration imm_date -> org.hibernate.type.BasicTypeReference@58b311ba
2025-03-12T00:15:56.983-05:00 DEBUG 54312 --- [           main] org.hibernate.type.BasicTypeRegistry     : Adding type registration imm_time -> org.hibernate.type.BasicTypeReference@482c351d
2025-03-12T00:15:56.984-05:00 DEBUG 54312 --- [           main] org.hibernate.type.BasicTypeRegistry     : Adding type registration imm_timestamp -> org.hibernate.type.BasicTypeReference@75eaba95
2025-03-12T00:15:56.984-05:00 DEBUG 54312 --- [           main] org.hibernate.type.BasicTypeRegistry     : Adding type registration imm_calendar -> org.hibernate.type.BasicTypeReference@320be73
2025-03-12T00:15:56.984-05:00 DEBUG 54312 --- [           main] org.hibernate.type.BasicTypeRegistry     : Adding type registration imm_calendar_date -> org.hibernate.type.BasicTypeReference@435e416c
2025-03-12T00:15:56.984-05:00 DEBUG 54312 --- [           main] org.hibernate.type.BasicTypeRegistry     : Adding type registration imm_calendar_time -> org.hibernate.type.BasicTypeReference@6af310c7
2025-03-12T00:15:56.984-05:00 DEBUG 54312 --- [           main] org.hibernate.type.BasicTypeRegistry     : Adding type registration imm_binary -> org.hibernate.type.BasicTypeReference@4aed311e
2025-03-12T00:15:56.984-05:00 DEBUG 54312 --- [           main] org.hibernate.type.BasicTypeRegistry     : Adding type registration imm_serializable -> org.hibernate.type.BasicTypeReference@4c38cd16
2025-03-12T00:15:57.834-05:00  INFO 54312 --- [           main] o.s.o.j.p.SpringPersistenceUnitInfo      : No LoadTimeWeaver setup: ignoring JPA class transformer
2025-03-12T00:15:57.933-05:00  INFO 54312 --- [           main] com.zaxxer.hikari.HikariDataSource       : HikariPool-1 - Starting...
2025-03-12T00:16:00.440-05:00  INFO 54312 --- [           main] com.zaxxer.hikari.pool.HikariPool        : HikariPool-1 - Added connection org.postgresql.jdbc.PgConnection@74cd798f
2025-03-12T00:16:00.442-05:00  INFO 54312 --- [           main] com.zaxxer.hikari.HikariDataSource       : HikariPool-1 - Start completed.
2025-03-12T00:16:00.742-05:00  WARN 54312 --- [           main] org.hibernate.orm.deprecation            : HHH90000025: PostgreSQLDialect does not need to be specified explicitly using 'hibernate.dialect' (remove the property setting and it will be selected by default)
2025-03-12T00:16:00.969-05:00 DEBUG 54312 --- [           main] o.h.t.d.sql.spi.DdlTypeRegistry          : addDescriptor(6, org.hibernate.type.descriptor.sql.internal.CapacityDependentDdlType@344f9467) replaced previous registration(org.hibernate.type.descriptor.sql.internal.DdlTypeImpl@3e98b933)
2025-03-12T00:16:00.973-05:00 DEBUG 54312 --- [           main] o.h.t.d.jdbc.spi.JdbcTypeRegistry        : addDescriptor(2004, BlobTypeDescriptor(BLOB_BINDING)) replaced previous registration(BlobTypeDescriptor(DEFAULT))
2025-03-12T00:16:00.973-05:00 DEBUG 54312 --- [           main] o.h.t.d.jdbc.spi.JdbcTypeRegistry        : addDescriptor(2005, ClobTypeDescriptor(CLOB_BINDING)) replaced previous registration(ClobTypeDescriptor(DEFAULT))
2025-03-12T00:16:01.006-05:00 DEBUG 54312 --- [           main] org.hibernate.type.BasicTypeRegistry     : Adding type registration JAVA_OBJECT -> org.hibernate.type.JavaObjectType@4a122e68
2025-03-12T00:16:01.006-05:00 DEBUG 54312 --- [           main] org.hibernate.type.BasicTypeRegistry     : Adding type registration java.lang.Object -> org.hibernate.type.JavaObjectType@4a122e68
2025-03-12T00:16:01.007-05:00 DEBUG 54312 --- [           main] org.hibernate.type.BasicTypeRegistry     : Type registration key [java.lang.Object] overrode previous entry : `org.hibernate.type.JavaObjectType@58f254b1`
2025-03-12T00:16:01.012-05:00 DEBUG 54312 --- [           main] org.hibernate.type.BasicTypeRegistry     : Adding type registration org.hibernate.type.DurationType -> basicType@1(java.time.Duration,2)
2025-03-12T00:16:01.013-05:00 DEBUG 54312 --- [           main] org.hibernate.type.BasicTypeRegistry     : Adding type registration Duration -> basicType@1(java.time.Duration,2)
2025-03-12T00:16:01.013-05:00 DEBUG 54312 --- [           main] org.hibernate.type.BasicTypeRegistry     : Adding type registration java.time.Duration -> basicType@1(java.time.Duration,2)
2025-03-12T00:16:01.019-05:00 DEBUG 54312 --- [           main] org.hibernate.type.BasicTypeRegistry     : Adding type registration org.hibernate.type.OffsetDateTimeType -> basicType@2(java.time.OffsetDateTime,3003)
2025-03-12T00:16:01.019-05:00 DEBUG 54312 --- [           main] org.hibernate.type.BasicTypeRegistry     : Adding type registration OffsetDateTime -> basicType@2(java.time.OffsetDateTime,3003)
2025-03-12T00:16:01.019-05:00 DEBUG 54312 --- [           main] org.hibernate.type.BasicTypeRegistry     : Adding type registration java.time.OffsetDateTime -> basicType@2(java.time.OffsetDateTime,3003)
2025-03-12T00:16:01.019-05:00 DEBUG 54312 --- [           main] org.hibernate.type.BasicTypeRegistry     : Adding type registration org.hibernate.type.ZonedDateTimeType -> basicType@3(java.time.ZonedDateTime,3003)
2025-03-12T00:16:01.019-05:00 DEBUG 54312 --- [           main] org.hibernate.type.BasicTypeRegistry     : Adding type registration ZonedDateTime -> basicType@3(java.time.ZonedDateTime,3003)
2025-03-12T00:16:01.019-05:00 DEBUG 54312 --- [           main] org.hibernate.type.BasicTypeRegistry     : Adding type registration java.time.ZonedDateTime -> basicType@3(java.time.ZonedDateTime,3003)
2025-03-12T00:16:01.021-05:00 DEBUG 54312 --- [           main] org.hibernate.type.BasicTypeRegistry     : Adding type registration org.hibernate.type.OffsetTimeType -> basicType@4(java.time.OffsetTime,3007)
2025-03-12T00:16:01.021-05:00 DEBUG 54312 --- [           main] org.hibernate.type.BasicTypeRegistry     : Adding type registration OffsetTime -> basicType@4(java.time.OffsetTime,3007)
2025-03-12T00:16:01.021-05:00 DEBUG 54312 --- [           main] org.hibernate.type.BasicTypeRegistry     : Adding type registration java.time.OffsetTime -> basicType@4(java.time.OffsetTime,3007)
2025-03-12T00:16:01.023-05:00 DEBUG 54312 --- [           main] o.h.type.spi.TypeConfiguration$Scope     : Scoping TypeConfiguration [org.hibernate.type.spi.TypeConfiguration@74bdfa0b] to MetadataBuildingContext [org.hibernate.boot.internal.MetadataBuildingContextRootImpl@68a5aadd]
2025-03-12T00:16:03.779-05:00  INFO 54312 --- [           main] o.h.e.t.j.p.i.JtaPlatformInitiator       : HHH000489: No JTA platform available (set 'hibernate.transaction.jta.platform' to enable JTA platform integration)
2025-03-12T00:16:03.780-05:00 DEBUG 54312 --- [           main] o.h.type.spi.TypeConfiguration$Scope     : Scoping TypeConfiguration [org.hibernate.type.spi.TypeConfiguration@74bdfa0b] to SessionFactoryImplementor [org.hibernate.internal.SessionFactoryImpl@14580edc]
2025-03-12T00:16:03.784-05:00 TRACE 54312 --- [           main] o.h.type.spi.TypeConfiguration$Scope     : Handling #sessionFactoryCreated from [org.hibernate.internal.SessionFactoryImpl@14580edc] for TypeConfiguration
2025-03-12T00:16:03.785-05:00  INFO 54312 --- [           main] j.LocalContainerEntityManagerFactoryBean : Initialized JPA EntityManagerFactory for persistence unit 'default'
2025-03-12T00:16:04.507-05:00  INFO 54312 --- [           main] o.s.d.j.r.query.QueryEnhancerFactory     : Hibernate is in classpath; If applicable, HQL parser will be used.
2025-03-12T00:16:05.773-05:00  WARN 54312 --- [           main] JpaBaseConfiguration$JpaWebConfiguration : spring.jpa.open-in-view is enabled by default. Therefore, database queries may be performed during view rendering. Explicitly configure spring.jpa.open-in-view to disable this warning
2025-03-12T00:16:06.244-05:00 DEBUG 54312 --- [           main] o.s.w.s.s.s.WebSocketHandlerMapping      : Patterns [/ws/**] in 'stompWebSocketHandlerMapping'
2025-03-12T00:16:06.393-05:00 DEBUG 54312 --- [           main] s.w.s.m.m.a.RequestMappingHandlerMapping : 104 mappings in 'requestMappingHandlerMapping'
2025-03-12T00:16:06.547-05:00 DEBUG 54312 --- [           main] o.s.w.s.handler.SimpleUrlHandlerMapping  : Patterns [/webjars/**, /**] in 'resourceHandlerMapping'
2025-03-12T00:16:06.636-05:00 DEBUG 54312 --- [           main] edFilterInvocationSecurityMetadataSource : Adding web access control expression [permitAll] for ExactUrl [processUrl='/login?error']
2025-03-12T00:16:06.691-05:00 DEBUG 54312 --- [           main] edFilterInvocationSecurityMetadataSource : Adding web access control expression [permitAll] for ExactUrl [processUrl='/login']
2025-03-12T00:16:06.691-05:00 DEBUG 54312 --- [           main] edFilterInvocationSecurityMetadataSource : Adding web access control expression [permitAll] for ExactUrl [processUrl='/login']
2025-03-12T00:16:06.691-05:00 DEBUG 54312 --- [           main] edFilterInvocationSecurityMetadataSource : Adding web access control expression [permitAll] for Ant [pattern='/logout']
2025-03-12T00:16:06.691-05:00 DEBUG 54312 --- [           main] edFilterInvocationSecurityMetadataSource : Adding web access control expression [permitAll] for ExactUrl [processUrl='/login?logout']
2025-03-12T00:16:06.691-05:00 DEBUG 54312 --- [           main] edFilterInvocationSecurityMetadataSource : Adding web access control expression [permitAll] for Ant [pattern='/css/**']
2025-03-12T00:16:06.691-05:00 DEBUG 54312 --- [           main] edFilterInvocationSecurityMetadataSource : Adding web access control expression [permitAll] for Ant [pattern='/js/**']
2025-03-12T00:16:06.691-05:00 DEBUG 54312 --- [           main] edFilterInvocationSecurityMetadataSource : Adding web access control expression [permitAll] for Ant [pattern='/img/**']
2025-03-12T00:16:06.691-05:00 DEBUG 54312 --- [           main] edFilterInvocationSecurityMetadataSource : Adding web access control expression [permitAll] for Ant [pattern='/index**']
2025-03-12T00:16:06.691-05:00 DEBUG 54312 --- [           main] edFilterInvocationSecurityMetadataSource : Adding web access control expression [permitAll] for Ant [pattern='/registro**']
2025-03-12T00:16:06.692-05:00 DEBUG 54312 --- [           main] edFilterInvocationSecurityMetadataSource : Adding web access control expression [permitAll] for Ant [pattern='/registro/usuario**']
2025-03-12T00:16:06.692-05:00 DEBUG 54312 --- [           main] edFilterInvocationSecurityMetadataSource : Adding web access control expression [permitAll] for Ant [pattern='/resultado**']
2025-03-12T00:16:06.692-05:00 DEBUG 54312 --- [           main] edFilterInvocationSecurityMetadataSource : Adding web access control expression [permitAll] for Ant [pattern='/recover-password**']
2025-03-12T00:16:06.692-05:00 DEBUG 54312 --- [           main] edFilterInvocationSecurityMetadataSource : Adding web access control expression [permitAll] for Ant [pattern='/reset-password/**']
2025-03-12T00:16:06.692-05:00 DEBUG 54312 --- [           main] edFilterInvocationSecurityMetadataSource : Adding web access control expression [permitAll] for Ant [pattern='/recuperar/**']
2025-03-12T00:16:06.692-05:00 DEBUG 54312 --- [           main] edFilterInvocationSecurityMetadataSource : Adding web access control expression [permitAll] for Ant [pattern='/catalogo/**']
2025-03-12T00:16:06.692-05:00 DEBUG 54312 --- [           main] edFilterInvocationSecurityMetadataSource : Adding web access control expression [permitAll] for Ant [pattern='/carrito-pedido/**']
2025-03-12T00:16:06.692-05:00 DEBUG 54312 --- [           main] edFilterInvocationSecurityMetadataSource : Adding web access control expression [authenticated] for any request
2025-03-12T00:16:06.715-05:00  INFO 54312 --- [           main] o.s.s.web.DefaultSecurityFilterChain     : Will secure any request with [org.springframework.security.web.session.DisableEncodeUrlFilter@9198fe3, org.springframework.security.web.context.request.async.WebAsyncManagerIntegrationFilter@6cc9f35d, org.springframework.security.web.context.SecurityContextHolderFilter@36c763cd, org.springframework.security.web.header.HeaderWriterFilter@7e383712, org.springframework.security.web.authentication.logout.LogoutFilter@7a98f106, org.springframework.security.web.authentication.UsernamePasswordAuthenticationFilter@26c24e5, org.springframework.security.web.savedrequest.RequestCacheAwareFilter@2cc3b0a7, org.springframework.security.web.servletapi.SecurityContextHolderAwareRequestFilter@41628b4f, org.springframework.security.web.authentication.AnonymousAuthenticationFilter@f61b92d, org.springframework.security.web.access.ExceptionTranslationFilter@e36a4c1, org.springframework.security.web.access.intercept.FilterSecurityInterceptor@6d3dc0c5]
2025-03-12T00:16:06.859-05:00 DEBUG 54312 --- [           main] .WebSocketAnnotationMethodMessageHandler : 
	c.x.g.c.A.ChatController:
	{[MESSAGE],[/chat.sendMessage]}: sendMessage(ChatMessage,Principal)
2025-03-12T00:16:06.860-05:00 DEBUG 54312 --- [           main] .WebSocketAnnotationMethodMessageHandler : 
	c.x.g.c.A.ContactController:
	
2025-03-12T00:16:06.860-05:00 DEBUG 54312 --- [           main] .WebSocketAnnotationMethodMessageHandler : 
	c.x.g.c.A.Controlador:
	
2025-03-12T00:16:06.861-05:00 DEBUG 54312 --- [           main] .WebSocketAnnotationMethodMessageHandler : 
	c.x.g.c.A.DETALLEController:
	
2025-03-12T00:16:06.861-05:00 DEBUG 54312 --- [           main] .WebSocketAnnotationMethodMessageHandler : 
	c.x.g.c.A.MATERIALController:
	
2025-03-12T00:16:06.861-05:00 DEBUG 54312 --- [           main] .WebSocketAnnotationMethodMessageHandler : 
	c.x.g.c.A.PEDIDOController:
	
2025-03-12T00:16:06.861-05:00 DEBUG 54312 --- [           main] .WebSocketAnnotationMethodMessageHandler : 
	c.x.g.c.A.RegistroAdminControlador:
	
2025-03-12T00:16:06.861-05:00 DEBUG 54312 --- [           main] .WebSocketAnnotationMethodMessageHandler : 
	c.x.g.c.A.v.CategoryController:
	
2025-03-12T00:16:06.861-05:00 DEBUG 54312 --- [           main] .WebSocketAnnotationMethodMessageHandler : 
	c.x.g.c.A.v.DetailController:
	
2025-03-12T00:16:06.861-05:00 DEBUG 54312 --- [           main] .WebSocketAnnotationMethodMessageHandler : 
	c.x.g.c.A.v.ProductController:
	
2025-03-12T00:16:06.861-05:00 DEBUG 54312 --- [           main] .WebSocketAnnotationMethodMessageHandler : 
	c.x.g.c.A.v.SaleController:
	
2025-03-12T00:16:06.861-05:00 DEBUG 54312 --- [           main] .WebSocketAnnotationMethodMessageHandler : 
	c.x.g.c.A.v.ShoppingCartController:
	
2025-03-12T00:16:06.862-05:00 DEBUG 54312 --- [           main] .WebSocketAnnotationMethodMessageHandler : 
	c.x.g.c.C.ControladorCliente:
	
2025-03-12T00:16:06.862-05:00 DEBUG 54312 --- [           main] .WebSocketAnnotationMethodMessageHandler : 
	c.x.g.c.ErrorControler:
	
2025-03-12T00:16:06.862-05:00 DEBUG 54312 --- [           main] .WebSocketAnnotationMethodMessageHandler : 
	c.x.g.c.ExporterController:
	
2025-03-12T00:16:06.862-05:00 DEBUG 54312 --- [           main] .WebSocketAnnotationMethodMessageHandler : 
	c.x.g.c.PasswordRecoveryController:
	
2025-03-12T00:16:06.862-05:00 DEBUG 54312 --- [           main] .WebSocketAnnotationMethodMessageHandler : 
	c.x.g.c.RegistroUsuarioControlador:
	
2025-03-12T00:16:06.862-05:00 DEBUG 54312 --- [           main] .WebSocketAnnotationMethodMessageHandler : 
	c.x.g.c.ResetPasswordController:
	
2025-03-12T00:16:06.862-05:00 DEBUG 54312 --- [           main] .WebSocketAnnotationMethodMessageHandler : 
	c.x.g.c.V.ControladorVendedor:
	
2025-03-12T00:16:06.862-05:00 DEBUG 54312 --- [           main] .WebSocketAnnotationMethodMessageHandler : 
	c.x.g.c.V.DetailControllerVendedor:
	
2025-03-12T00:16:06.862-05:00 DEBUG 54312 --- [           main] .WebSocketAnnotationMethodMessageHandler : 
	c.x.g.c.V.DETALLEControllerVendedor:
	
2025-03-12T00:16:06.862-05:00 DEBUG 54312 --- [           main] .WebSocketAnnotationMethodMessageHandler : 
	c.x.g.c.V.PEDIDOControllerVendedor:
	
2025-03-12T00:16:06.862-05:00 DEBUG 54312 --- [           main] .WebSocketAnnotationMethodMessageHandler : 
	c.x.g.c.V.ProductControllerVendedor:
	
2025-03-12T00:16:06.863-05:00 DEBUG 54312 --- [           main] .WebSocketAnnotationMethodMessageHandler : 
	c.x.g.c.V.SaleControllerVendedor:
	
2025-03-12T00:16:07.271-05:00 DEBUG 54312 --- [           main] s.w.s.m.m.a.RequestMappingHandlerAdapter : ControllerAdvice beans: 0 @ModelAttribute, 0 @InitBinder, 1 RequestBodyAdvice, 1 ResponseBodyAdvice
2025-03-12T00:16:07.372-05:00 DEBUG 54312 --- [           main] .m.m.a.ExceptionHandlerExceptionResolver : ControllerAdvice beans: 0 @ExceptionHandler, 1 ResponseBodyAdvice
2025-03-12T00:16:07.735-05:00 DEBUG 54312 --- [           main] org.springframework.web.SimpLogging      : clientOutboundChannel added SubProtocolWebSocketHandler[StompSubProtocolHandler[v10.stomp, v11.stomp, v12.stomp]]
2025-03-12T00:16:07.735-05:00 DEBUG 54312 --- [           main] org.springframework.web.SimpLogging      : clientInboundChannel added WebSocketAnnotationMethodMessageHandler[prefixes=[/app/]]
2025-03-12T00:16:07.736-05:00  INFO 54312 --- [           main] o.s.m.s.b.SimpleBrokerMessageHandler     : Starting...
2025-03-12T00:16:07.736-05:00 DEBUG 54312 --- [           main] org.springframework.web.SimpLogging      : clientInboundChannel added SimpleBrokerMessageHandler [org.springframework.messaging.simp.broker.DefaultSubscriptionRegistry@71c77042]
2025-03-12T00:16:07.736-05:00 DEBUG 54312 --- [           main] org.springframework.web.SimpLogging      : brokerChannel added SimpleBrokerMessageHandler [org.springframework.messaging.simp.broker.DefaultSubscriptionRegistry@71c77042]
2025-03-12T00:16:07.736-05:00  INFO 54312 --- [           main] o.s.m.s.b.SimpleBrokerMessageHandler     : BrokerAvailabilityEvent[available=true, SimpleBrokerMessageHandler [org.springframework.messaging.simp.broker.DefaultSubscriptionRegistry@71c77042]]
2025-03-12T00:16:07.738-05:00  INFO 54312 --- [           main] o.s.m.s.b.SimpleBrokerMessageHandler     : Started.
2025-03-12T00:16:07.738-05:00 DEBUG 54312 --- [           main] org.springframework.web.SimpLogging      : clientInboundChannel added UserDestinationMessageHandler[DefaultUserDestinationResolver[prefix=/user/]]
2025-03-12T00:16:07.739-05:00 DEBUG 54312 --- [           main] org.springframework.web.SimpLogging      : brokerChannel added UserDestinationMessageHandler[DefaultUserDestinationResolver[prefix=/user/]]
2025-03-12T00:16:07.747-05:00  INFO 54312 --- [           main] c.i.demojwt.DemoJwtApplicationTests      : Started DemoJwtApplicationTests in 16.616 seconds (process running for 19.17)
]]></system-out>
  </testcase>
</testsuite>